#
# There is insufficient memory for the Java Runtime Environment to continue.
# Native memory allocation (mmap) failed to map 45088768 bytes for committing reserved memory.
# Possible reasons:
#   The system is out of physical RAM or swap space
#   In 32 bit mode, the process size limit was hit
# Possible solutions:
#   Reduce memory load on the system
#   Increase physical memory or swap space
#   Check if swap backing store is full
#   Use 64 bit Java on a 64 bit OS
#   Decrease Java heap size (-Xmx/-Xms)
#   Decrease number of Java threads
#   Decrease Java thread stack sizes (-Xss)
#   Set larger code cache with -XX:ReservedCodeCacheSize=
# This output file may be truncated or incomplete.
#
#  Out of Memory Error (os_linux.cpp:2630), pid=8081, tid=0x00007f5c70f8f700
#
# JRE version: OpenJDK Runtime Environment (8.0_121-b13) (build 1.8.0_121-8u121-b13-0ubuntu1.16.04.2-b13)
# Java VM: OpenJDK 64-Bit Server VM (25.121-b13 mixed mode linux-amd64 compressed oops)
# Failed to write core dump. Core dumps have been disabled. To enable core dumping, try "ulimit -c unlimited" before starting Java again
#

---------------  T H R E A D  ---------------

Current thread (0x00007f5c84073800):  VMThread [stack: 0x00007f5c70e8f000,0x00007f5c70f90000] [id=8090]

Stack: [0x00007f5c70e8f000,0x00007f5c70f90000],  sp=0x00007f5c70f8e4a0,  free space=1021k
Native frames: (J=compiled Java code, j=interpreted, Vv=VM code, C=native code)
V  [libjvm.so+0xa6647b]
V  [libjvm.so+0x4c32dc]
V  [libjvm.so+0x8b4b60]
V  [libjvm.so+0x8aefde]
V  [libjvm.so+0x929a16]
V  [libjvm.so+0x92ad43]
V  [libjvm.so+0x9273f3]
V  [libjvm.so+0x920209]
V  [libjvm.so+0x447213]
V  [libjvm.so+0xa67a09]
V  [libjvm.so+0xa6d217]
V  [libjvm.so+0xa6a9e7]
V  [libjvm.so+0xa6be6f]
V  [libjvm.so+0xa6c361]
V  [libjvm.so+0x8b2042]

VM_Operation (0x00007f5c512ad0b0): CollectForMetadataAllocation, mode: safepoint, requested by thread 0x00007f5c8435f800


---------------  P R O C E S S  ---------------

Java Threads: ( => current thread )
  0x00007f5c382b5000 JavaThread "Timer-0" daemon [_thread_blocked, id=8124, stack(0x00007f5c278b7000,0x00007f5c279b8000)]
  0x00007f5c38232000 JavaThread "Prism Font Disposer" daemon [_thread_blocked, id=8123, stack(0x00007f5c27bb8000,0x00007f5c27cb9000)]
  0x000000000101a800 JavaThread "JavaFX Application Thread" [_thread_blocked, id=8119, stack(0x00007f5c28949000,0x00007f5c28a4a000)]
  0x0000000001016000 JavaThread "Thread-1" daemon [_thread_blocked, id=8118, stack(0x00007f5c28a4a000,0x00007f5c28b4b000)]
  0x0000000000f87000 JavaThread "QuantumRenderer-0" daemon [_thread_blocked, id=8111, stack(0x00007f5c50cac000,0x00007f5c50dad000)]
  0x00007f5c8400a800 JavaThread "DestroyJavaVM" [_thread_blocked, id=8083, stack(0x00007f5c8b5da000,0x00007f5c8b6db000)]
  0x00007f5c84365800 JavaThread "AWT-EventQueue-0" [_thread_blocked, id=8109, stack(0x00007f5c50fad000,0x00007f5c510ae000)]
  0x00007f5c84364000 JavaThread "AWT-Shutdown" [_thread_blocked, id=8108, stack(0x00007f5c510ae000,0x00007f5c511af000)]
  0x00007f5c8435f800 JavaThread "AWT-XAWT" daemon [_thread_blocked, id=8107, stack(0x00007f5c511af000,0x00007f5c512b0000)]
  0x00007f5c8433f000 JavaThread "Java2D Disposer" daemon [_thread_blocked, id=8106, stack(0x00007f5c516c0000,0x00007f5c517c1000)]
  0x00007f5c84264000 JavaThread "Monitor Ctrl-Break" daemon [_thread_in_native, id=8105, stack(0x00007f5c53b1b000,0x00007f5c53c1c000)]
  0x00007f5c840af000 JavaThread "Service Thread" daemon [_thread_blocked, id=8101, stack(0x00007f5c7005a000,0x00007f5c7015b000)]
  0x00007f5c840ac000 JavaThread "C1 CompilerThread1" daemon [_thread_blocked, id=8100, stack(0x00007f5c7015b000,0x00007f5c7025c000)]
  0x00007f5c840a9000 JavaThread "C2 CompilerThread0" daemon [_thread_blocked, id=8098, stack(0x00007f5c7025c000,0x00007f5c7035d000)]
  0x00007f5c840a7000 JavaThread "Signal Dispatcher" daemon [_thread_blocked, id=8096, stack(0x00007f5c7035d000,0x00007f5c7045e000)]
  0x00007f5c8407f800 JavaThread "Finalizer" daemon [_thread_blocked, id=8094, stack(0x00007f5c70c8d000,0x00007f5c70d8e000)]
  0x00007f5c8407b000 JavaThread "Reference Handler" daemon [_thread_blocked, id=8092, stack(0x00007f5c70d8e000,0x00007f5c70e8f000)]

Other Threads:
=>0x00007f5c84073800 VMThread [stack: 0x00007f5c70e8f000,0x00007f5c70f90000] [id=8090]
  0x00007f5c840b5800 WatcherThread [stack: 0x00007f5c53eff000,0x00007f5c54000000] [id=8103]

VM state:at safepoint (normal execution)

VM Mutex/Monitor currently owned by a thread:  ([mutex/lock_event])
[0x00007f5c84007680] Threads_lock - owner thread: 0x00007f5c84073800
[0x00007f5c84007b80] Heap_lock - owner thread: 0x00007f5c8435f800

Heap:
 PSYoungGen      total 34304K, used 2542K [0x00000000ebc00000, 0x00000000ee000000, 0x0000000100000000)
  eden space 31744K, 0% used [0x00000000ebc00000,0x00000000ebc00000,0x00000000edb00000)
  from space 2560K, 99% used [0x00000000edb00000,0x00000000edd7b860,0x00000000edd80000)
  to   space 2560K, 0% used [0x00000000edd80000,0x00000000edd80000,0x00000000ee000000)
 ParOldGen       total 42496K, used 14277K [0x00000000c3400000, 0x00000000c5d80000, 0x00000000ebc00000)
  object space 42496K, 33% used [0x00000000c3400000,0x00000000c41f1508,0x00000000c5d80000)
 Metaspace       used 20704K, capacity 21594K, committed 21628K, reserved 1069056K
  class space    used 2654K, capacity 2864K, committed 2864K, reserved 1048576K

Card table byte_map: [0x00007f5c74614000,0x00007f5c747fb000] byte_map_base: 0x00007f5c73ffa000

Marking Bits: (ParMarkBitMap*) 0x00007f5c8a8e8220
 Begin Bits: [0x00007f5c7246e000, 0x00007f5c7339e000)
 End Bits:   [0x00007f5c7339e000, 0x00007f5c742ce000)

Polling page: 0x00007f5c8b73a000

CodeCache: size=245760Kb used=4861Kb max_used=4866Kb free=240898Kb
 bounds [0x00007f5c747fb000, 0x00007f5c74ccb000, 0x00007f5c837fb000]
 total_blobs=2251 nmethods=1467 adapters=699
 compilation: enabled

Compilation events (10 events):
Event: 14,218 Thread 0x00007f5c840ac000 nmethod 1475 0x00007f5c74cb7a90 code [0x00007f5c74cb7c00, 0x00007f5c74cb7ef0]
Event: 14,218 Thread 0x00007f5c840ac000 1476       1       java.awt.Component::isEnabledImpl (5 bytes)
Event: 14,218 Thread 0x00007f5c840ac000 nmethod 1476 0x00007f5c74cb7f90 code [0x00007f5c74cb80e0, 0x00007f5c74cb81f0]
Event: 14,233 Thread 0x00007f5c840ac000 1477       3       java.awt.Component::inside (30 bytes)
Event: 14,233 Thread 0x00007f5c840ac000 nmethod 1477 0x00007f5c74cb8450 code [0x00007f5c74cb85c0, 0x00007f5c74cb8810]
Event: 14,238 Thread 0x00007f5c840ac000 1478   !   3       sun.awt.X11.XToolkit::getNextTaskTime (55 bytes)
Event: 14,238 Thread 0x00007f5c840ac000 nmethod 1478 0x00007f5c74cb8890 code [0x00007f5c74cb8ac0, 0x00007f5c74cb9818]
Event: 14,350 Thread 0x00007f5c840a9000 nmethod 1467 0x00007f5c74cbca10 code [0x00007f5c74cbcb60, 0x00007f5c74cbcbf8]
Event: 22,770 Thread 0x00007f5c840ac000 1480   !   3       sun.awt.X11.XAwtState::getGrabWindow (67 bytes)
Event: 23,122 Thread 0x00007f5c840ac000 nmethod 1480 0x00007f5c74cbb2d0 code [0x00007f5c74cbb4e0, 0x00007f5c74cbc1d8]

GC Heap History (9 events):
Event: 7,962 GC heap before
{Heap before GC invocations=1 (full 0):
 PSYoungGen      total 18432K, used 15160K [0x00000000ebc00000, 0x00000000ed080000, 0x0000000100000000)
  eden space 15872K, 95% used [0x00000000ebc00000,0x00000000ecace1b0,0x00000000ecb80000)
  from space 2560K, 0% used [0x00000000ece00000,0x00000000ece00000,0x00000000ed080000)
  to   space 2560K, 0% used [0x00000000ecb80000,0x00000000ecb80000,0x00000000ece00000)
 ParOldGen       total 42496K, used 0K [0x00000000c3400000, 0x00000000c5d80000, 0x00000000ebc00000)
  object space 42496K, 0% used [0x00000000c3400000,0x00000000c3400000,0x00000000c5d80000)
 Metaspace       used 12235K, capacity 12578K, committed 12800K, reserved 1060864K
  class space    used 1347K, capacity 1484K, committed 1536K, reserved 1048576K
Event: 7,975 GC heap after
Heap after GC invocations=1 (full 0):
 PSYoungGen      total 18432K, used 2544K [0x00000000ebc00000, 0x00000000ed080000, 0x0000000100000000)
  eden space 15872K, 0% used [0x00000000ebc00000,0x00000000ebc00000,0x00000000ecb80000)
  from space 2560K, 99% used [0x00000000ecb80000,0x00000000ecdfc0b8,0x00000000ece00000)
  to   space 2560K, 0% used [0x00000000ece00000,0x00000000ece00000,0x00000000ed080000)
 ParOldGen       total 42496K, used 1640K [0x00000000c3400000, 0x00000000c5d80000, 0x00000000ebc00000)
  object space 42496K, 3% used [0x00000000c3400000,0x00000000c359a088,0x00000000c5d80000)
 Metaspace       used 12235K, capacity 12578K, committed 12800K, reserved 1060864K
  class space    used 1347K, capacity 1484K, committed 1536K, reserved 1048576K
}
Event: 8,493 GC heap before
{Heap before GC invocations=2 (full 0):
 PSYoungGen      total 18432K, used 18416K [0x00000000ebc00000, 0x00000000ed080000, 0x0000000100000000)
  eden space 15872K, 100% used [0x00000000ebc00000,0x00000000ecb80000,0x00000000ecb80000)
  from space 2560K, 99% used [0x00000000ecb80000,0x00000000ecdfc0b8,0x00000000ece00000)
  to   space 2560K, 0% used [0x00000000ece00000,0x00000000ece00000,0x00000000ed080000)
 ParOldGen       total 42496K, used 1640K [0x00000000c3400000, 0x00000000c5d80000, 0x00000000ebc00000)
  object space 42496K, 3% used [0x00000000c3400000,0x00000000c359a088,0x00000000c5d80000)
 Metaspace       used 15995K, capacity 16646K, committed 16896K, reserved 1064960K
  class space    used 2048K, capacity 2208K, committed 2304K, reserved 1048576K
Event: 8,521 GC heap after
Heap after GC invocations=2 (full 0):
 PSYoungGen      total 18432K, used 2552K [0x00000000ebc00000, 0x00000000ee000000, 0x0000000100000000)
  eden space 15872K, 0% used [0x00000000ebc00000,0x00000000ebc00000,0x00000000ecb80000)
  from space 2560K, 99% used [0x00000000ece00000,0x00000000ed07e0d8,0x00000000ed080000)
  to   space 2560K, 0% used [0x00000000ecb80000,0x00000000ecb80000,0x00000000ece00000)
 ParOldGen       total 42496K, used 6050K [0x00000000c3400000, 0x00000000c5d80000, 0x00000000ebc00000)
  object space 42496K, 14% used [0x00000000c3400000,0x00000000c39e89f0,0x00000000c5d80000)
 Metaspace       used 15995K, capacity 16646K, committed 16896K, reserved 1064960K
  class space    used 2048K, capacity 2208K, committed 2304K, reserved 1048576K
}
Event: 10,860 GC heap before
{Heap before GC invocations=3 (full 0):
 PSYoungGen      total 18432K, used 18424K [0x00000000ebc00000, 0x00000000ee000000, 0x0000000100000000)
  eden space 15872K, 100% used [0x00000000ebc00000,0x00000000ecb80000,0x00000000ecb80000)
  from space 2560K, 99% used [0x00000000ece00000,0x00000000ed07e0d8,0x00000000ed080000)
  to   space 2560K, 0% used [0x00000000ecb80000,0x00000000ecb80000,0x00000000ece00000)
 ParOldGen       total 42496K, used 6050K [0x00000000c3400000, 0x00000000c5d80000, 0x00000000ebc00000)
  object space 42496K, 14% used [0x00000000c3400000,0x00000000c39e89f0,0x00000000c5d80000)
 Metaspace       used 20199K, capacity 21038K, committed 21248K, reserved 1067008K
  class space    used 2609K, capacity 2814K, committed 2816K, reserved 1048576K
Event: 10,869 GC heap after
Heap after GC invocations=3 (full 0):
 PSYoungGen      total 18432K, used 2547K [0x00000000ebc00000, 0x00000000ee000000, 0x0000000100000000)
  eden space 15872K, 0% used [0x00000000ebc00000,0x00000000ebc00000,0x00000000ecb80000)
  from space 2560K, 99% used [0x00000000ecb80000,0x00000000ecdfceb8,0x00000000ece00000)
  to   space 2560K, 0% used [0x00000000edd80000,0x00000000edd80000,0x00000000ee000000)
 ParOldGen       total 42496K, used 11086K [0x00000000c3400000, 0x00000000c5d80000, 0x00000000ebc00000)
  object space 42496K, 26% used [0x00000000c3400000,0x00000000c3ed3a38,0x00000000c5d80000)
 Metaspace       used 20199K, capacity 21038K, committed 21248K, reserved 1067008K
  class space    used 2609K, capacity 2814K, committed 2816K, reserved 1048576K
}
Event: 11,106 GC heap before
{Heap before GC invocations=4 (full 0):
 PSYoungGen      total 18432K, used 3656K [0x00000000ebc00000, 0x00000000ee000000, 0x0000000100000000)
  eden space 15872K, 6% used [0x00000000ebc00000,0x00000000ebd154d0,0x00000000ecb80000)
  from space 2560K, 99% used [0x00000000ecb80000,0x00000000ecdfceb8,0x00000000ece00000)
  to   space 2560K, 0% used [0x00000000edd80000,0x00000000edd80000,0x00000000ee000000)
 ParOldGen       total 42496K, used 11086K [0x00000000c3400000, 0x00000000c5d80000, 0x00000000ebc00000)
  object space 42496K, 26% used [0x00000000c3400000,0x00000000c3ed3a38,0x00000000c5d80000)
 Metaspace       used 20397K, capacity 21290K, committed 21552K, reserved 1069056K
  class space    used 2632K, capacity 2854K, committed 2864K, reserved 1048576K
Event: 11,112 GC heap after
Heap after GC invocations=4 (full 0):
 PSYoungGen      total 34304K, used 2540K [0x00000000ebc00000, 0x00000000ee000000, 0x0000000100000000)
  eden space 31744K, 0% used [0x00000000ebc00000,0x00000000ebc00000,0x00000000edb00000)
  from space 2560K, 99% used [0x00000000edd80000,0x00000000edffb080,0x00000000ee000000)
  to   space 2560K, 0% used [0x00000000edb00000,0x00000000edb00000,0x00000000edd80000)
 ParOldGen       total 42496K, used 11316K [0x00000000c3400000, 0x00000000c5d80000, 0x00000000ebc00000)
  object space 42496K, 26% used [0x00000000c3400000,0x00000000c3f0d358,0x00000000c5d80000)
 Metaspace       used 20397K, capacity 21290K, committed 21552K, reserved 1069056K
  class space    used 2632K, capacity 2854K, committed 2864K, reserved 1048576K
}
Event: 23,267 GC heap before
{Heap before GC invocations=5 (full 0):
 PSYoungGen      total 34304K, used 31340K [0x00000000ebc00000, 0x00000000ee000000, 0x0000000100000000)
  eden space 31744K, 90% used [0x00000000ebc00000,0x00000000ed820228,0x00000000edb00000)
  from space 2560K, 99% used [0x00000000edd80000,0x00000000edffb080,0x00000000ee000000)
  to   space 2560K, 0% used [0x00000000edb00000,0x00000000edb00000,0x00000000edd80000)
 ParOldGen       total 42496K, used 11316K [0x00000000c3400000, 0x00000000c5d80000, 0x00000000ebc00000)
  object space 42496K, 26% used [0x00000000c3400000,0x00000000c3f0d358,0x00000000c5d80000)
 Metaspace       used 20704K, capacity 21594K, committed 21628K, reserved 1069056K
  class space    used 2654K, capacity 2864K, committed 2864K, reserved 1048576K

Deoptimization events (10 events):
Event: 9,783 Thread 0x000000000101a800 Uncommon trap: reason=class_check action=maybe_recompile pc=0x00007f5c74acd274 method=java.io.DataInputStream.readShort()S @ 4
Event: 9,783 Thread 0x000000000101a800 Uncommon trap: reason=class_check action=maybe_recompile pc=0x00007f5c74acd274 method=java.io.DataInputStream.readShort()S @ 4
Event: 9,783 Thread 0x000000000101a800 Uncommon trap: reason=class_check action=maybe_recompile pc=0x00007f5c74acd274 method=java.io.DataInputStream.readShort()S @ 4
Event: 9,787 Thread 0x000000000101a800 Uncommon trap: reason=class_check action=maybe_recompile pc=0x00007f5c749148f8 method=java.lang.String.equals(Ljava/lang/Object;)Z @ 8
Event: 9,787 Thread 0x000000000101a800 Uncommon trap: reason=class_check action=maybe_recompile pc=0x00007f5c749148f8 method=java.lang.String.equals(Ljava/lang/Object;)Z @ 8
Event: 9,787 Thread 0x000000000101a800 Uncommon trap: reason=class_check action=maybe_recompile pc=0x00007f5c749148f8 method=java.lang.String.equals(Ljava/lang/Object;)Z @ 8
Event: 9,803 Thread 0x000000000101a800 Uncommon trap: reason=class_check action=maybe_recompile pc=0x00007f5c749148f8 method=java.lang.String.equals(Ljava/lang/Object;)Z @ 8
Event: 10,186 Thread 0x000000000101a800 Uncommon trap: reason=unstable_if action=reinterpret pc=0x00007f5c74b094dc method=sun.net.www.ParseUtil.encodePath(Ljava/lang/String;Z)Ljava/lang/String; @ 109
Event: 10,892 Thread 0x0000000000f87000 Uncommon trap: reason=unstable_if action=reinterpret pc=0x00007f5c74c05eb0 method=java.lang.StrictMath.floorOrCeil(DDDD)D @ 8
Event: 10,918 Thread 0x0000000000f87000 Uncommon trap: reason=unstable_if action=reinterpret pc=0x00007f5c74c13c64 method=java.lang.StrictMath.floorOrCeil(DDDD)D @ 115

Internal exceptions (10 events):
Event: 0,921 Thread 0x00007f5c8400a800 Exception <a 'java/security/PrivilegedActionException'> (0x00000000ebd80900) thrown at [/build/openjdk-8-YiEakL/openjdk-8-8u121-b13/src/hotspot/src/share/vm/prims/jvm.cpp, line 1390]
Event: 0,921 Thread 0x00007f5c8400a800 Exception <a 'java/security/PrivilegedActionException'> (0x00000000ebd80b10) thrown at [/build/openjdk-8-YiEakL/openjdk-8-8u121-b13/src/hotspot/src/share/vm/prims/jvm.cpp, line 1390]
Event: 1,011 Thread 0x00007f5c8400a800 Exception <a 'java/lang/NoSuchFieldError': method resolution failed> (0x00000000ebe9d970) thrown at [/build/openjdk-8-YiEakL/openjdk-8-8u121-b13/src/hotspot/src/share/vm/prims/methodHandles.cpp, line 1146]
Event: 1,014 Thread 0x00007f5c8400a800 Exception <a 'java/lang/NoSuchFieldError': method resolution failed> (0x00000000ebeab140) thrown at [/build/openjdk-8-YiEakL/openjdk-8-8u121-b13/src/hotspot/src/share/vm/prims/methodHandles.cpp, line 1146]
Event: 1,297 Thread 0x00007f5c8400a800 Exception <a 'java/io/FileNotFoundException'> (0x00000000ebf2be20) thrown at [/build/openjdk-8-YiEakL/openjdk-8-8u121-b13/src/hotspot/src/share/vm/prims/jni.cpp, line 709]
Event: 1,297 Thread 0x00007f5c8400a800 Exception <a 'java/io/FileNotFoundException'> (0x00000000ebf2c838) thrown at [/build/openjdk-8-YiEakL/openjdk-8-8u121-b13/src/hotspot/src/share/vm/prims/jni.cpp, line 709]
Event: 1,984 Thread 0x00007f5c8400a800 Exception <a 'java/lang/ClassNotFoundException': sun/dc/DuctusRenderingEngine> (0x00000000ebf38168) thrown at [/build/openjdk-8-YiEakL/openjdk-8-8u121-b13/src/hotspot/src/share/vm/classfile/systemDictionary.cpp, line 210]
Event: 7,837 Thread 0x00007f5c84365800 Exception <a 'java/lang/NullPointerException'> (0x00000000ec8cdd60) thrown at [/build/openjdk-8-YiEakL/openjdk-8-8u121-b13/src/hotspot/src/share/vm/interpreter/linkResolver.cpp, line 1178]
Event: 8,090 Thread 0x000000000101a800 Exception <a 'java/lang/NullPointerException'> (0x00000000ec014178) thrown at [/build/openjdk-8-YiEakL/openjdk-8-8u121-b13/src/hotspot/src/share/vm/interpreter/linkResolver.cpp, line 1178]
Event: 8,090 Thread 0x000000000101a800 Exception <a 'java/lang/NullPointerException'> (0x00000000ec014178) thrown at [/build/openjdk-8-YiEakL/openjdk-8-8u121-b13/src/hotspot/src/share/vm/prims/jvm.cpp, line 1394]

Events (10 events):
Event: 14,217 loading class javafx/scene/input/PickResult done
Event: 14,218 loading class com/sun/javafx/scene/input/InputEventUtils
Event: 14,218 loading class com/sun/javafx/scene/input/InputEventUtils done
Event: 16,402 Executing VM operation: RevokeBias
Event: 22,767 Executing VM operation: RevokeBias done
Event: 22,768 Thread 0x0000000001035800 Thread exited: 0x0000000001035800
Event: 22,830 loading class sun/awt/X11/XButtonEvent
Event: 23,190 loading class com/sun/javafx/geom/PickRay
Event: 23,190 Executing VM operation: CollectForMetadataAllocation
Event: 23,246 loading class com/sun/javafx/geom/PickRay done


Dynamic libraries:
00400000-00401000 r-xp 00000000 fc:00 1756709                            /usr/lib/jvm/java-8-openjdk-amd64/jre/bin/java
00600000-00601000 r--p 00000000 fc:00 1756709                            /usr/lib/jvm/java-8-openjdk-amd64/jre/bin/java
00601000-00602000 rw-p 00001000 fc:00 1756709                            /usr/lib/jvm/java-8-openjdk-amd64/jre/bin/java
00e8d000-01135000 rw-p 00000000 00:00 0                                  [heap]
c3400000-c5d80000 rw-p 00000000 00:00 0 
c5d80000-ebc00000 ---p 00000000 00:00 0 
ebc00000-ee000000 rw-p 00000000 00:00 0 
f0b00000-100000000 ---p 00000000 00:00 0 
100000000-1002cc000 rw-p 00000000 00:00 0 
1002cc000-140000000 ---p 00000000 00:00 0 
7f5c24795000-7f5c24a31000 rw-p 00000000 00:00 0 
7f5c24c55000-7f5c24ef6000 rw-p 00000000 00:00 0 
7f5c24ef6000-7f5c25197000 rw-s 00000000 00:05 40927261                   /SYSV00000000 (deleted)
7f5c25197000-7f5c258fd000 rw-p 00000000 00:00 0 
7f5c25b53000-7f5c26011000 rw-p 00000000 00:00 0 
7f5c26261000-7f5c26712000 rw-p 00000000 00:00 0 
7f5c26828000-7f5c2693e000 rw-p 00000000 00:00 0 
7f5c26a5d000-7f5c26ab0000 rw-p 00000000 00:00 0 
7f5c26ab0000-7f5c26c5d000 ---p 00000000 00:00 0 
7f5c26c8e000-7f5c26c8f000 rw-s 150484000 00:06 15082                     /dev/dri/card0
7f5c26c8f000-7f5c26c90000 rw-s 150483000 00:06 15082                     /dev/dri/card0
7f5c26c90000-7f5c26c91000 rw-s 150482000 00:06 15082                     /dev/dri/card0
7f5c26c91000-7f5c26c96000 rw-s 15047a000 00:06 15082                     /dev/dri/card0
7f5c26c96000-7f5c26c9c000 rw-s 150d56000 00:06 15082                     /dev/dri/card0
7f5c26c9c000-7f5c26ca9000 rw-s 150d49000 00:06 15082                     /dev/dri/card0
7f5c26cb4000-7f5c26eb4000 rw-s 14b083000 00:06 15082                     /dev/dri/card0
7f5c26eb4000-7f5c278b4000 rwxp 00000000 00:00 0 
7f5c278b4000-7f5c278b5000 rw-s 150481000 00:06 15082                     /dev/dri/card0
7f5c278b5000-7f5c278b6000 rw-s 150480000 00:06 15082                     /dev/dri/card0
7f5c278b6000-7f5c278b7000 rw-s 15047f000 00:06 15082                     /dev/dri/card0
7f5c278b7000-7f5c278ba000 ---p 00000000 00:00 0 
7f5c278ba000-7f5c27bb8000 rw-p 00000000 00:00 0 
7f5c27bb8000-7f5c27bbb000 ---p 00000000 00:00 0 
7f5c27bbb000-7f5c27cb9000 rw-p 00000000 00:00 0 
7f5c27cb9000-7f5c27d72000 r--p 00000000 fc:00 1474081                    /usr/share/fonts/truetype/dejavu/DejaVuSans.ttf
7f5c27d72000-7f5c27d75000 ---p 00000000 00:00 0 
7f5c27d75000-7f5c27e73000 rw-p 00000000 00:00 0 
7f5c27e73000-7f5c27e7a000 r--s 00000000 fc:00 1075637                    /var/cache/fontconfig/4be9850f182b35c1350b6bbf2e42601c-le64.cache-6
7f5c27e7a000-7f5c27e7c000 r--s 00000000 fc:00 1075625                    /var/cache/fontconfig/30a99c4256905863f7aa12b5e873c27c-le64.cache-6
7f5c27e7c000-7f5c27e7d000 r--s 00000000 fc:00 1075611                    /var/cache/fontconfig/087e1975ba9a574b140bb1df193bf770-le64.cache-6
7f5c27e7d000-7f5c27e81000 r--s 00000000 fc:00 1075649                    /var/cache/fontconfig/6aa41aa22e18b8fa06a12da28ea9c28b-le64.cache-6
7f5c27e81000-7f5c27e8c000 r--s 00000000 fc:00 1075662                    /var/cache/fontconfig/945677eb7aeaf62f1d50efc3fb3ec7d8-le64.cache-6
7f5c27e8c000-7f5c27e92000 r--s 00000000 fc:00 1075622                    /var/cache/fontconfig/2cd17615ca594fa2959ae173292e504c-le64.cache-6
7f5c27e92000-7f5c27e99000 r--s 00000000 fc:00 1075653                    /var/cache/fontconfig/6eb3985aa4124903f6ff08ba781cd364-le64.cache-6
7f5c27e99000-7f5c27e9a000 r--s 00000000 fc:00 1075614                    /var/cache/fontconfig/0d8c3b2ac0904cb8a57a757ad11a4a08-le64.cache-6
7f5c27e9a000-7f5c27e9e000 r--s 00000000 fc:00 1075651                    /var/cache/fontconfig/6d41288fd70b0be22e8c3a91e032eec0-le64.cache-6
7f5c27e9e000-7f5c27ea2000 r--s 00000000 fc:00 1075690                    /var/cache/fontconfig/de156ccd2eddbdc19d37a45b8b2aac9c-le64.cache-6
7f5c27ea2000-7f5c27eb7000 r--s 00000000 fc:00 1075610                    /var/cache/fontconfig/04aabc0a78ac019cf9454389977116d2-le64.cache-6
7f5c27eb7000-7f5c27eb8000 r--s 00000000 fc:00 1075618                    /var/cache/fontconfig/1ac9eb803944fde146138c791f5cc56a-le64.cache-6
7f5c27eb8000-7f5c27ebc000 r--s 00000000 fc:00 1075629                    /var/cache/fontconfig/385c0604a188198f04d133e54aba7fe7-le64.cache-6
7f5c27ebc000-7f5c27ebd000 r--s 00000000 fc:00 1075666                    /var/cache/fontconfig/9c956a7723ca69a44b382d9179c9802f-le64.cache-6
7f5c27ebd000-7f5c27ebe000 r--s 00000000 fc:00 1075689                    /var/cache/fontconfig/dc05db6664285cc2f12bf69c139ae4c3-le64.cache-6
7f5c27ebe000-7f5c27ebf000 r--s 00000000 fc:00 1075645                    /var/cache/fontconfig/5d1cca7074f29429a8d18692746c2426-le64.cache-6
7f5c27ebf000-7f5c27ec2000 r--s 00000000 fc:00 1075657                    /var/cache/fontconfig/767a8244fc0220cfb567a839d0392e0b-le64.cache-6
7f5c27ec2000-7f5c27ec3000 r--s 00000000 fc:00 1075634                    /var/cache/fontconfig/4794a0821666d79190d59a36cb4f44b5-le64.cache-6
7f5c27ec3000-7f5c27ec4000 r--s 00000000 fc:00 1075667                    /var/cache/fontconfig/9eae20f1ff8cc0a7d125749e875856bd-le64.cache-6
7f5c27ec4000-7f5c27eeb000 r--s 00000000 fc:00 1075612                    /var/cache/fontconfig/0bd3dc0958fa2205aaaa8ebb13e2872b-le64.cache-6
7f5c27eeb000-7f5c27eee000 r--s 00000000 fc:00 1075673                    /var/cache/fontconfig/bf2c1853a9e9b00bb02fe2e9bcf1e201-le64.cache-6
7f5c27eee000-7f5c27ef3000 r--s 00000000 fc:00 1075660                    /var/cache/fontconfig/8801497958630a81b71ace7c5f9b32a8-le64.cache-6
7f5c27ef3000-7f5c27ef7000 r--s 00000000 fc:00 1075678                    /var/cache/fontconfig/c57959a16110560c8d0fcea73374aeeb-le64.cache-6
7f5c27ef7000-7f5c27ef8000 r--s 00000000 fc:00 1075672                    /var/cache/fontconfig/bab58bb527bb656aaa9f116d68a48d89-le64.cache-6
7f5c27ef8000-7f5c27eff000 r--s 00000000 fc:00 1075623                    /var/cache/fontconfig/3047814df9a2f067bd2d96a2b9c36e5a-le64.cache-6
7f5c27eff000-7f5c27f07000 r--s 00000000 fc:00 1075674                    /var/cache/fontconfig/bf3b770c553c462765856025a94f1ce6-le64.cache-6
7f5c27f07000-7f5c27f08000 r--s 00000000 fc:00 1075642                    /var/cache/fontconfig/56cf4f4769d0f4abc89a4895d7bd3ae1-le64.cache-6
7f5c27f08000-7f5c27f09000 r--s 00000000 fc:00 1075671                    /var/cache/fontconfig/b9d506c9ac06c20b433354fa67a72993-le64.cache-6
7f5c27f09000-7f5c27f0f000 r--s 00000000 fc:00 1075670                    /var/cache/fontconfig/b47c4e1ecd0709278f4910c18777a504-le64.cache-6
7f5c27f0f000-7f5c27f12000 r--s 00000000 fc:00 1075615                    /var/cache/fontconfig/14d493b97896515cad3840ba4896e372-le64.cache-6
7f5c27f12000-7f5c27f15000 r--s 00000000 fc:00 1075695                    /var/cache/fontconfig/e49e89034d371f0f9de17aab02136486-le64.cache-6
7f5c27f15000-7f5c27f17000 r--s 00000000 fc:00 1075636                    /var/cache/fontconfig/4b14b093aebc79c320de5e86ae1d3314-le64.cache-6
7f5c27f17000-7f5c27f2a000 r--s 00000000 fc:00 1075685                    /var/cache/fontconfig/d52a8644073d54c13679302ca1180695-le64.cache-6
7f5c27f2a000-7f5c27f2b000 r--s 00000000 fc:00 1075641                    /var/cache/fontconfig/551ecf3b0e8b0bca0f25c0944f561853-le64.cache-6
7f5c27f2b000-7f5c27f30000 r--s 00000000 fc:00 1075656                    /var/cache/fontconfig/75ad6aa2358a85f0de2c8ee4837e8227-le64.cache-6
7f5c27f30000-7f5c27f3b000 r--s 00000000 fc:00 1075686                    /var/cache/fontconfig/d589a48862398ed80a3d6066f4f56f4c-le64.cache-6
7f5c27f3b000-7f5c27f3f000 r--s 00000000 fc:00 1075620                    /var/cache/fontconfig/246184dc75a16901ca37d96895904249-le64.cache-6
7f5c27f3f000-7f5c27f44000 r-xp 00000000 fc:00 1721646                    /usr/lib/jvm/java-8-openjdk-amd64/jre/lib/amd64/libjavafx_font_freetype.so
7f5c27f44000-7f5c28143000 ---p 00005000 fc:00 1721646                    /usr/lib/jvm/java-8-openjdk-amd64/jre/lib/amd64/libjavafx_font_freetype.so
7f5c28143000-7f5c28144000 r--p 00004000 fc:00 1721646                    /usr/lib/jvm/java-8-openjdk-amd64/jre/lib/amd64/libjavafx_font_freetype.so
7f5c28144000-7f5c28145000 rw-p 00005000 fc:00 1721646                    /usr/lib/jvm/java-8-openjdk-amd64/jre/lib/amd64/libjavafx_font_freetype.so
7f5c28145000-7f5c28148000 r-xp 00000000 fc:00 1721645                    /usr/lib/jvm/java-8-openjdk-amd64/jre/lib/amd64/libjavafx_font.so
7f5c28148000-7f5c28347000 ---p 00003000 fc:00 1721645                    /usr/lib/jvm/java-8-openjdk-amd64/jre/lib/amd64/libjavafx_font.so
7f5c28347000-7f5c28348000 r--p 00002000 fc:00 1721645                    /usr/lib/jvm/java-8-openjdk-amd64/jre/lib/amd64/libjavafx_font.so
7f5c28348000-7f5c28349000 rw-p 00003000 fc:00 1721645                    /usr/lib/jvm/java-8-openjdk-amd64/jre/lib/amd64/libjavafx_font.so
7f5c28349000-7f5c28549000 rw-p 00000000 00:00 0 
7f5c28549000-7f5c28749000 rw-p 00000000 00:00 0 
7f5c28749000-7f5c28949000 rw-p 00000000 00:00 0 
7f5c28949000-7f5c2894c000 ---p 00000000 00:00 0 
7f5c2894c000-7f5c28a4a000 rw-p 00000000 00:00 0 
7f5c28a4a000-7f5c28a4d000 ---p 00000000 00:00 0 
7f5c28a4d000-7f5c28b4b000 rw-p 00000000 00:00 0 
7f5c28b4b000-7f5c28b6c000 r-xp 00000000 fc:00 1052735                    /lib/x86_64-linux-gnu/liblzma.so.5.0.0
7f5c28b6c000-7f5c28d6b000 ---p 00021000 fc:00 1052735                    /lib/x86_64-linux-gnu/liblzma.so.5.0.0
7f5c28d6b000-7f5c28d6c000 r--p 00020000 fc:00 1052735                    /lib/x86_64-linux-gnu/liblzma.so.5.0.0
7f5c28d6c000-7f5c28d6d000 rw-p 00021000 fc:00 1052735                    /lib/x86_64-linux-gnu/liblzma.so.5.0.0
7f5c28d6d000-7f5c28db7000 r-xp 00000000 fc:00 1052707                    /lib/x86_64-linux-gnu/libdbus-1.so.3.14.6
7f5c28db7000-7f5c28fb7000 ---p 0004a000 fc:00 1052707                    /lib/x86_64-linux-gnu/libdbus-1.so.3.14.6
7f5c28fb7000-7f5c28fb8000 r--p 0004a000 fc:00 1052707                    /lib/x86_64-linux-gnu/libdbus-1.so.3.14.6
7f5c28fb8000-7f5c28fb9000 rw-p 0004b000 fc:00 1052707                    /lib/x86_64-linux-gnu/libdbus-1.so.3.14.6
7f5c28fb9000-7f5c28fe5000 r-xp 00000000 fc:00 5086                       /usr/lib/x86_64-linux-gnu/libatspi.so.0.0.1
7f5c28fe5000-7f5c291e4000 ---p 0002c000 fc:00 5086                       /usr/lib/x86_64-linux-gnu/libatspi.so.0.0.1
7f5c291e4000-7f5c291e7000 r--p 0002b000 fc:00 5086                       /usr/lib/x86_64-linux-gnu/libatspi.so.0.0.1
7f5c291e7000-7f5c291e8000 rw-p 0002e000 fc:00 5086                       /usr/lib/x86_64-linux-gnu/libatspi.so.0.0.1
7f5c291e8000-7f5c29215000 r-xp 00000000 fc:00 5083                       /usr/lib/x86_64-linux-gnu/libatk-bridge-2.0.so.0.0.0
7f5c29215000-7f5c29414000 ---p 0002d000 fc:00 5083                       /usr/lib/x86_64-linux-gnu/libatk-bridge-2.0.so.0.0.0
7f5c29414000-7f5c29415000 r--p 0002c000 fc:00 5083                       /usr/lib/x86_64-linux-gnu/libatk-bridge-2.0.so.0.0.0
7f5c29415000-7f5c29417000 rw-p 0002d000 fc:00 5083                       /usr/lib/x86_64-linux-gnu/libatk-bridge-2.0.so.0.0.0
7f5c29417000-7f5c29418000 r-xp 00000000 fc:00 8926                       /usr/lib/x86_64-linux-gnu/gtk-2.0/modules/libatk-bridge.so
7f5c29418000-7f5c29617000 ---p 00001000 fc:00 8926                       /usr/lib/x86_64-linux-gnu/gtk-2.0/modules/libatk-bridge.so
7f5c29617000-7f5c29618000 r--p 00000000 fc:00 8926                       /usr/lib/x86_64-linux-gnu/gtk-2.0/modules/libatk-bridge.so
7f5c29618000-7f5c29619000 rw-p 00001000 fc:00 8926                       /usr/lib/x86_64-linux-gnu/gtk-2.0/modules/libatk-bridge.so
7f5c29619000-7f5c29620000 r-xp 00000000 fc:00 5474                       /usr/lib/x86_64-linux-gnu/libgailutil.so.18.0.1
7f5c29620000-7f5c2981f000 ---p 00007000 fc:00 5474                       /usr/lib/x86_64-linux-gnu/libgailutil.so.18.0.1
7f5c2981f000-7f5c29820000 r--p 00006000 fc:00 5474                       /usr/lib/x86_64-linux-gnu/libgailutil.so.18.0.1
7f5c29820000-7f5c29821000 rw-p 00007000 fc:00 5474                       /usr/lib/x86_64-linux-gnu/libgailutil.so.18.0.1
7f5c29821000-7f5c2986f000 r-xp 00000000 fc:00 8928                       /usr/lib/x86_64-linux-gnu/gtk-2.0/modules/libgail.so
7f5c2986f000-7f5c29a6e000 ---p 0004e000 fc:00 8928                       /usr/lib/x86_64-linux-gnu/gtk-2.0/modules/libgail.so
7f5c29a6e000-7f5c29a6f000 r--p 0004d000 fc:00 8928                       /usr/lib/x86_64-linux-gnu/gtk-2.0/modules/libgail.so
7f5c29a6f000-7f5c29a71000 rw-p 0004e000 fc:00 8928                       /usr/lib/x86_64-linux-gnu/gtk-2.0/modules/libgail.so
7f5c29a71000-7f5c29a77000 r-xp 00000000 fc:00 5284                       /usr/lib/x86_64-linux-gnu/libdatrie.so.1.3.3
7f5c29a77000-7f5c29c77000 ---p 00006000 fc:00 5284                       /usr/lib/x86_64-linux-gnu/libdatrie.so.1.3.3
7f5c29c77000-7f5c29c78000 r--p 00006000 fc:00 5284                       /usr/lib/x86_64-linux-gnu/libdatrie.so.1.3.3
7f5c29c78000-7f5c29c79000 rw-p 00007000 fc:00 5284                       /usr/lib/x86_64-linux-gnu/libdatrie.so.1.3.3
7f5c29c79000-7f5c29c9c000 r-xp 00000000 fc:00 5588                       /usr/lib/x86_64-linux-gnu/libgraphite2.so.3.0.1
7f5c29c9c000-7f5c29e9b000 ---p 00023000 fc:00 5588                       /usr/lib/x86_64-linux-gnu/libgraphite2.so.3.0.1
7f5c29e9b000-7f5c29e9d000 r--p 00022000 fc:00 5588                       /usr/lib/x86_64-linux-gnu/libgraphite2.so.3.0.1
7f5c29e9d000-7f5c29e9e000 rw-p 00024000 fc:00 5588                       /usr/lib/x86_64-linux-gnu/libgraphite2.so.3.0.1
7f5c29e9e000-7f5c29ea6000 r-xp 00000000 fc:00 6345                       /usr/lib/x86_64-linux-gnu/libthai.so.0.2.4
7f5c29ea6000-7f5c2a0a5000 ---p 00008000 fc:00 6345                       /usr/lib/x86_64-linux-gnu/libthai.so.0.2.4
7f5c2a0a5000-7f5c2a0a6000 r--p 00007000 fc:00 6345                       /usr/lib/x86_64-linux-gnu/libthai.so.0.2.4
7f5c2a0a6000-7f5c2a0a7000 rw-p 00008000 fc:00 6345                       /usr/lib/x86_64-linux-gnu/libthai.so.0.2.4
7f5c2a0a7000-7f5c2a103000 r-xp 00000000 fc:00 5680                       /usr/lib/x86_64-linux-gnu/libharfbuzz.so.0.10000.1
7f5c2a103000-7f5c2a303000 ---p 0005c000 fc:00 5680                       /usr/lib/x86_64-linux-gnu/libharfbuzz.so.0.10000.1
7f5c2a303000-7f5c2a304000 r--p 0005c000 fc:00 5680                       /usr/lib/x86_64-linux-gnu/libharfbuzz.so.0.10000.1
7f5c2a304000-7f5c2a305000 rw-p 0005d000 fc:00 5680                       /usr/lib/x86_64-linux-gnu/libharfbuzz.so.0.10000.1
7f5c2a305000-7f5c2a373000 r-xp 00000000 fc:00 1052772                    /lib/x86_64-linux-gnu/libpcre.so.3.13.2
7f5c2a373000-7f5c2a573000 ---p 0006e000 fc:00 1052772                    /lib/x86_64-linux-gnu/libpcre.so.3.13.2
7f5c2a573000-7f5c2a574000 r--p 0006e000 fc:00 1052772                    /lib/x86_64-linux-gnu/libpcre.so.3.13.2
7f5c2a574000-7f5c2a575000 rw-p 0006f000 fc:00 1052772                    /lib/x86_64-linux-gnu/libpcre.so.3.13.2
7f5c2a575000-7f5c2a58c000 r-xp 00000000 fc:00 1052784                    /lib/x86_64-linux-gnu/libresolv-2.23.so
7f5c2a58c000-7f5c2a78c000 ---p 00017000 fc:00 1052784                    /lib/x86_64-linux-gnu/libresolv-2.23.so
7f5c2a78c000-7f5c2a78d000 r--p 00017000 fc:00 1052784                    /lib/x86_64-linux-gnu/libresolv-2.23.so
7f5c2a78d000-7f5c2a78e000 rw-p 00018000 fc:00 1052784                    /lib/x86_64-linux-gnu/libresolv-2.23.so
7f5c2a78e000-7f5c2a790000 rw-p 00000000 00:00 0 
7f5c2a790000-7f5c2a7af000 r-xp 00000000 fc:00 1052787                    /lib/x86_64-linux-gnu/libselinux.so.1
7f5c2a7af000-7f5c2a9ae000 ---p 0001f000 fc:00 1052787                    /lib/x86_64-linux-gnu/libselinux.so.1
7f5c2a9ae000-7f5c2a9af000 r--p 0001e000 fc:00 1052787                    /lib/x86_64-linux-gnu/libselinux.so.1
7f5c2a9af000-7f5c2a9b0000 rw-p 0001f000 fc:00 1052787                    /lib/x86_64-linux-gnu/libselinux.so.1
7f5c2a9b0000-7f5c2a9b2000 rw-p 00000000 00:00 0 
7f5c2a9b2000-7f5c2a9ba000 r-xp 00000000 fc:00 6896                       /usr/lib/x86_64-linux-gnu/libxcb-render.so.0.0.0
7f5c2a9ba000-7f5c2abba000 ---p 00008000 fc:00 6896                       /usr/lib/x86_64-linux-gnu/libxcb-render.so.0.0.0
7f5c2abba000-7f5c2abbb000 r--p 00008000 fc:00 6896                       /usr/lib/x86_64-linux-gnu/libxcb-render.so.0.0.0
7f5c2abbb000-7f5c2abbc000 rw-p 00009000 fc:00 6896                       /usr/lib/x86_64-linux-gnu/libxcb-render.so.0.0.0
7f5c2abbc000-7f5c2abbe000 r-xp 00000000 fc:00 6900                       /usr/lib/x86_64-linux-gnu/libxcb-shm.so.0.0.0
7f5c2abbe000-7f5c2adbe000 ---p 00002000 fc:00 6900                       /usr/lib/x86_64-linux-gnu/libxcb-shm.so.0.0.0
7f5c2adbe000-7f5c2adbf000 r--p 00002000 fc:00 6900                       /usr/lib/x86_64-linux-gnu/libxcb-shm.so.0.0.0
7f5c2adbf000-7f5c2adc0000 rw-p 00003000 fc:00 6900                       /usr/lib/x86_64-linux-gnu/libxcb-shm.so.0.0.0
7f5c2adc0000-7f5c2ae5f000 r-xp 00000000 fc:00 6119                       /usr/lib/x86_64-linux-gnu/libpixman-1.so.0.33.6
7f5c2ae5f000-7f5c2b05f000 ---p 0009f000 fc:00 6119                       /usr/lib/x86_64-linux-gnu/libpixman-1.so.0.33.6
7f5c2b05f000-7f5c2b067000 r--p 0009f000 fc:00 6119                       /usr/lib/x86_64-linux-gnu/libpixman-1.so.0.33.6
7f5c2b067000-7f5c2b068000 rw-p 000a7000 fc:00 6119                       /usr/lib/x86_64-linux-gnu/libpixman-1.so.0.33.6
7f5c2b068000-7f5c2b06a000 r-xp 00000000 fc:00 5001                       /usr/lib/x86_64-linux-gnu/libXcomposite.so.1.0.0
7f5c2b06a000-7f5c2b269000 ---p 00002000 fc:00 5001                       /usr/lib/x86_64-linux-gnu/libXcomposite.so.1.0.0
7f5c2b269000-7f5c2b26a000 r--p 00001000 fc:00 5001                       /usr/lib/x86_64-linux-gnu/libXcomposite.so.1.0.0
7f5c2b26a000-7f5c2b26b000 rw-p 00002000 fc:00 5001                       /usr/lib/x86_64-linux-gnu/libXcomposite.so.1.0.0
7f5c2b26b000-7f5c2b275000 r-xp 00000000 fc:00 5024                       /usr/lib/x86_64-linux-gnu/libXrandr.so.2.2.0
7f5c2b275000-7f5c2b474000 ---p 0000a000 fc:00 5024                       /usr/lib/x86_64-linux-gnu/libXrandr.so.2.2.0
7f5c2b474000-7f5c2b475000 r--p 00009000 fc:00 5024                       /usr/lib/x86_64-linux-gnu/libXrandr.so.2.2.0
7f5c2b475000-7f5c2b476000 rw-p 0000a000 fc:00 5024                       /usr/lib/x86_64-linux-gnu/libXrandr.so.2.2.0
7f5c2b476000-7f5c2b478000 r-xp 00000000 fc:00 5018                       /usr/lib/x86_64-linux-gnu/libXinerama.so.1.0.0
7f5c2b478000-7f5c2b677000 ---p 00002000 fc:00 5018                       /usr/lib/x86_64-linux-gnu/libXinerama.so.1.0.0
7f5c2b677000-7f5c2b678000 r--p 00001000 fc:00 5018                       /usr/lib/x86_64-linux-gnu/libXinerama.so.1.0.0
7f5c2b678000-7f5c2b679000 rw-p 00002000 fc:00 5018                       /usr/lib/x86_64-linux-gnu/libXinerama.so.1.0.0
7f5c2b679000-7f5c2b6b6000 r-xp 00000000 fc:00 5442                       /usr/lib/x86_64-linux-gnu/libfontconfig.so.1.9.0
7f5c2b6b6000-7f5c2b8b5000 ---p 0003d000 fc:00 5442                       /usr/lib/x86_64-linux-gnu/libfontconfig.so.1.9.0
7f5c2b8b5000-7f5c2b8b7000 r--p 0003c000 fc:00 5442                       /usr/lib/x86_64-linux-gnu/libfontconfig.so.1.9.0
7f5c2b8b7000-7f5c2b8bc000 rw-p 0003e000 fc:00 5442                       /usr/lib/x86_64-linux-gnu/libfontconfig.so.1.9.0
7f5c2b8bc000-7f5c2b905000 r-xp 00000000 fc:00 6067                       /usr/lib/x86_64-linux-gnu/libpango-1.0.so.0.3800.1
7f5c2b905000-7f5c2bb05000 ---p 00049000 fc:00 6067                       /usr/lib/x86_64-linux-gnu/libpango-1.0.so.0.3800.1
7f5c2bb05000-7f5c2bb07000 r--p 00049000 fc:00 6067                       /usr/lib/x86_64-linux-gnu/libpango-1.0.so.0.3800.1
7f5c2bb07000-7f5c2bb08000 rw-p 0004b000 fc:00 6067                       /usr/lib/x86_64-linux-gnu/libpango-1.0.so.0.3800.1
7f5c2bb08000-7f5c2bb1c000 r-xp 00000000 fc:00 6071                       /usr/lib/x86_64-linux-gnu/libpangoft2-1.0.so.0.3800.1
7f5c2bb1c000-7f5c2bd1c000 ---p 00014000 fc:00 6071                       /usr/lib/x86_64-linux-gnu/libpangoft2-1.0.so.0.3800.1
7f5c2bd1c000-7f5c2bd1d000 r--p 00014000 fc:00 6071                       /usr/lib/x86_64-linux-gnu/libpangoft2-1.0.so.0.3800.1
7f5c2bd1d000-7f5c2bd1e000 rw-p 00015000 fc:00 6071                       /usr/lib/x86_64-linux-gnu/libpangoft2-1.0.so.0.3800.1
7f5c2bd1e000-7f5c2bd40000 r-xp 00000000 fc:00 5082                       /usr/lib/x86_64-linux-gnu/libatk-1.0.so.0.21809.1
7f5c2bd40000-7f5c2bf3f000 ---p 00022000 fc:00 5082                       /usr/lib/x86_64-linux-gnu/libatk-1.0.so.0.21809.1
7f5c2bf3f000-7f5c2bf42000 r--p 00021000 fc:00 5082                       /usr/lib/x86_64-linux-gnu/libatk-1.0.so.0.21809.1
7f5c2bf42000-7f5c2bf43000 rw-p 00024000 fc:00 5082                       /usr/lib/x86_64-linux-gnu/libatk-1.0.so.0.21809.1
7f5c2bf43000-7f5c2bf4f000 r-xp 00000000 fc:00 6069                       /usr/lib/x86_64-linux-gnu/libpangocairo-1.0.so.0.3800.1
7f5c2bf4f000-7f5c2c14e000 ---p 0000c000 fc:00 6069                       /usr/lib/x86_64-linux-gnu/libpangocairo-1.0.so.0.3800.1
7f5c2c14e000-7f5c2c14f000 r--p 0000b000 fc:00 6069                       /usr/lib/x86_64-linux-gnu/libpangocairo-1.0.so.0.3800.1
7f5c2c14f000-7f5c2c150000 rw-p 0000c000 fc:00 6069                       /usr/lib/x86_64-linux-gnu/libpangocairo-1.0.so.0.3800.1
7f5c2c150000-7f5c2c153000 r-xp 00000000 fc:00 5651                       /usr/lib/x86_64-linux-gnu/libgmodule-2.0.so.0.4800.2
7f5c2c153000-7f5c2c352000 ---p 00003000 fc:00 5651                       /usr/lib/x86_64-linux-gnu/libgmodule-2.0.so.0.4800.2
7f5c2c352000-7f5c2c353000 r--p 00002000 fc:00 5651                       /usr/lib/x86_64-linux-gnu/libgmodule-2.0.so.0.4800.2
7f5c2c353000-7f5c2c354000 rw-p 00003000 fc:00 5651                       /usr/lib/x86_64-linux-gnu/libgmodule-2.0.so.0.4800.2
7f5c2c354000-7f5c2c463000 r-xp 00000000 fc:00 1049439                    /lib/x86_64-linux-gnu/libglib-2.0.so.0.4800.2
7f5c2c463000-7f5c2c662000 ---p 0010f000 fc:00 1049439                    /lib/x86_64-linux-gnu/libglib-2.0.so.0.4800.2
7f5c2c662000-7f5c2c663000 r--p 0010e000 fc:00 1049439                    /lib/x86_64-linux-gnu/libglib-2.0.so.0.4800.2
7f5c2c663000-7f5c2c664000 rw-p 0010f000 fc:00 1049439                    /lib/x86_64-linux-gnu/libglib-2.0.so.0.4800.2
7f5c2c664000-7f5c2c665000 rw-p 00000000 00:00 0 
7f5c2c665000-7f5c2c666000 r-xp 00000000 fc:00 14336                      /usr/lib/x86_64-linux-gnu/libgthread-2.0.so.0.4800.2
7f5c2c666000-7f5c2c865000 ---p 00001000 fc:00 14336                      /usr/lib/x86_64-linux-gnu/libgthread-2.0.so.0.4800.2
7f5c2c865000-7f5c2c866000 r--p 00000000 fc:00 14336                      /usr/lib/x86_64-linux-gnu/libgthread-2.0.so.0.4800.2
7f5c2c866000-7f5c2c867000 rw-p 00001000 fc:00 14336                      /usr/lib/x86_64-linux-gnu/libgthread-2.0.so.0.4800.2
7f5c2c867000-7f5c2c8b9000 r-xp 00000000 fc:00 14335                      /usr/lib/x86_64-linux-gnu/libgobject-2.0.so.0.4800.2
7f5c2c8b9000-7f5c2cab8000 ---p 00052000 fc:00 14335                      /usr/lib/x86_64-linux-gnu/libgobject-2.0.so.0.4800.2
7f5c2cab8000-7f5c2cab9000 r--p 00051000 fc:00 14335                      /usr/lib/x86_64-linux-gnu/libgobject-2.0.so.0.4800.2
7f5c2cab9000-7f5c2caba000 rw-p 00052000 fc:00 14335                      /usr/lib/x86_64-linux-gnu/libgobject-2.0.so.0.4800.2
7f5c2caba000-7f5c2cc3a000 r-xp 00000000 fc:00 5575                       /usr/lib/x86_64-linux-gnu/libgio-2.0.so.0.4800.2
7f5c2cc3a000-7f5c2ce3a000 ---p 00180000 fc:00 5575                       /usr/lib/x86_64-linux-gnu/libgio-2.0.so.0.4800.2
7f5c2ce3a000-7f5c2ce3e000 r--p 00180000 fc:00 5575                       /usr/lib/x86_64-linux-gnu/libgio-2.0.so.0.4800.2
7f5c2ce3e000-7f5c2ce40000 rw-p 00184000 fc:00 5575                       /usr/lib/x86_64-linux-gnu/libgio-2.0.so.0.4800.2
7f5c2ce40000-7f5c2ce42000 rw-p 00000000 00:00 0 
7f5c2ce42000-7f5c2ce63000 r-xp 00000000 fc:00 5510                       /usr/lib/x86_64-linux-gnu/libgdk_pixbuf-2.0.so.0.3200.2
7f5c2ce63000-7f5c2d062000 ---p 00021000 fc:00 5510                       /usr/lib/x86_64-linux-gnu/libgdk_pixbuf-2.0.so.0.3200.2
7f5c2d062000-7f5c2d063000 r--p 00020000 fc:00 5510                       /usr/lib/x86_64-linux-gnu/libgdk_pixbuf-2.0.so.0.3200.2
7f5c2d063000-7f5c2d064000 rw-p 00021000 fc:00 5510                       /usr/lib/x86_64-linux-gnu/libgdk_pixbuf-2.0.so.0.3200.2
7f5c2d064000-7f5c2d172000 r-xp 00000000 fc:00 5214                       /usr/lib/x86_64-linux-gnu/libcairo.so.2.11400.6
7f5c2d172000-7f5c2d372000 ---p 0010e000 fc:00 5214                       /usr/lib/x86_64-linux-gnu/libcairo.so.2.11400.6
7f5c2d372000-7f5c2d375000 r--p 0010e000 fc:00 5214                       /usr/lib/x86_64-linux-gnu/libcairo.so.2.11400.6
7f5c2d375000-7f5c2d376000 rw-p 00111000 fc:00 5214                       /usr/lib/x86_64-linux-gnu/libcairo.so.2.11400.6
7f5c2d376000-7f5c2d378000 rw-p 00000000 00:00 0 
7f5c2d378000-7f5c2d428000 r-xp 00000000 fc:00 5509                       /usr/lib/x86_64-linux-gnu/libgdk-x11-2.0.so.0.2400.30
7f5c2d428000-7f5c2d627000 ---p 000b0000 fc:00 5509                       /usr/lib/x86_64-linux-gnu/libgdk-x11-2.0.so.0.2400.30
7f5c2d627000-7f5c2d62b000 r--p 000af000 fc:00 5509                       /usr/lib/x86_64-linux-gnu/libgdk-x11-2.0.so.0.2400.30
7f5c2d62b000-7f5c2d62d000 rw-p 000b3000 fc:00 5509                       /usr/lib/x86_64-linux-gnu/libgdk-x11-2.0.so.0.2400.30
7f5c2d62d000-7f5c2fb1f000 r-xp 00000000 fc:00 4835                       /usr/lib/x86_64-linux-gnu/libLLVM-3.8.so.1
7f5c2fb1f000-7f5c2fd1f000 ---p 024f2000 fc:00 4835                       /usr/lib/x86_64-linux-gnu/libLLVM-3.8.so.1
7f5c2fd1f000-7f5c2ffd4000 r--p 024f2000 fc:00 4835                       /usr/lib/x86_64-linux-gnu/libLLVM-3.8.so.1
7f5c2ffd4000-7f5c2ffd6000 rw-p 027a7000 fc:00 4835                       /usr/lib/x86_64-linux-gnu/libLLVM-3.8.so.1
7f5c2ffd6000-7f5c30000000 rw-p 00000000 00:00 0 
7f5c30000000-7f5c308f2000 rw-p 00000000 00:00 0 
7f5c308f2000-7f5c34000000 ---p 00000000 00:00 0 
7f5c34000000-7f5c34001000 r--s 00000000 fc:00 1075661                    /var/cache/fontconfig/8a687c406b77f27d99abfeeba937fcce-le64.cache-6
7f5c34001000-7f5c34003000 r--s 00000000 fc:00 1075647                    /var/cache/fontconfig/65f976e5259cbe6dc7697b8648396239-le64.cache-6
7f5c34003000-7f5c34004000 r--s 00000000 fc:00 1075663                    /var/cache/fontconfig/94f7fe9bd33aadfac165873bd010d595-le64.cache-6
7f5c34004000-7f5c34006000 r--s 00000000 fc:00 1075631                    /var/cache/fontconfig/423767150eb258c59035de29db6fca84-le64.cache-6
7f5c34006000-7f5c34007000 r--s 00000000 fc:00 1075697                    /var/cache/fontconfig/e7de81b01590fb7e12b38e274e17d0db-le64.cache-6
7f5c34007000-7f5c34445000 r-xp 00000000 fc:00 5655                       /usr/lib/x86_64-linux-gnu/libgtk-x11-2.0.so.0.2400.30
7f5c34445000-7f5c34644000 ---p 0043e000 fc:00 5655                       /usr/lib/x86_64-linux-gnu/libgtk-x11-2.0.so.0.2400.30
7f5c34644000-7f5c3464b000 r--p 0043d000 fc:00 5655                       /usr/lib/x86_64-linux-gnu/libgtk-x11-2.0.so.0.2400.30
7f5c3464b000-7f5c3464f000 rw-p 00444000 fc:00 5655                       /usr/lib/x86_64-linux-gnu/libgtk-x11-2.0.so.0.2400.30
7f5c3464f000-7f5c34652000 rw-p 00000000 00:00 0 
7f5c34652000-7f5c3467a000 r-xp 00000000 fc:00 1721634                    /usr/lib/jvm/java-8-openjdk-amd64/jre/lib/amd64/libglass.so
7f5c3467a000-7f5c3487a000 ---p 00028000 fc:00 1721634                    /usr/lib/jvm/java-8-openjdk-amd64/jre/lib/amd64/libglass.so
7f5c3487a000-7f5c3487b000 r--p 00028000 fc:00 1721634                    /usr/lib/jvm/java-8-openjdk-amd64/jre/lib/amd64/libglass.so
7f5c3487b000-7f5c3487c000 rw-p 00029000 fc:00 1721634                    /usr/lib/jvm/java-8-openjdk-amd64/jre/lib/amd64/libglass.so
7f5c3487c000-7f5c348b3000 r-xp 00000000 fc:00 6374                       /usr/lib/x86_64-linux-gnu/libtxc_dxtn_s2tc.so.0.0.0
7f5c348b3000-7f5c34ab2000 ---p 00037000 fc:00 6374                       /usr/lib/x86_64-linux-gnu/libtxc_dxtn_s2tc.so.0.0.0
7f5c34ab2000-7f5c34ab3000 r--p 00036000 fc:00 6374                       /usr/lib/x86_64-linux-gnu/libtxc_dxtn_s2tc.so.0.0.0
7f5c34ab3000-7f5c34ab4000 rw-p 00037000 fc:00 6374                       /usr/lib/x86_64-linux-gnu/libtxc_dxtn_s2tc.so.0.0.0
7f5c34ab4000-7f5c34ac7000 r-xp 00000000 fc:00 1052697                    /lib/x86_64-linux-gnu/libbsd.so.0.8.2
7f5c34ac7000-7f5c34cc6000 ---p 00013000 fc:00 1052697                    /lib/x86_64-linux-gnu/libbsd.so.0.8.2
7f5c34cc6000-7f5c34cc7000 r--p 00012000 fc:00 1052697                    /lib/x86_64-linux-gnu/libbsd.so.0.8.2
7f5c34cc7000-7f5c34cc8000 rw-p 00013000 fc:00 1052697                    /lib/x86_64-linux-gnu/libbsd.so.0.8.2
7f5c34cc8000-7f5c34cc9000 rw-p 00000000 00:00 0 
7f5c34cc9000-7f5c34cee000 r-xp 00000000 fc:00 1052795                    /lib/x86_64-linux-gnu/libtinfo.so.5.9
7f5c34cee000-7f5c34eed000 ---p 00025000 fc:00 1052795                    /lib/x86_64-linux-gnu/libtinfo.so.5.9
7f5c34eed000-7f5c34ef1000 r--p 00024000 fc:00 1052795                    /lib/x86_64-linux-gnu/libtinfo.so.5.9
7f5c34ef1000-7f5c34ef2000 rw-p 00028000 fc:00 1052795                    /lib/x86_64-linux-gnu/libtinfo.so.5.9
7f5c34ef2000-7f5c34f23000 r-xp 00000000 fc:00 5343                       /usr/lib/x86_64-linux-gnu/libedit.so.2.0.53
7f5c34f23000-7f5c35123000 ---p 00031000 fc:00 5343                       /usr/lib/x86_64-linux-gnu/libedit.so.2.0.53
7f5c35123000-7f5c35125000 r--p 00031000 fc:00 5343                       /usr/lib/x86_64-linux-gnu/libedit.so.2.0.53
7f5c35125000-7f5c35126000 rw-p 00033000 fc:00 5343                       /usr/lib/x86_64-linux-gnu/libedit.so.2.0.53
7f5c35126000-7f5c3512a000 rw-p 00000000 00:00 0 
7f5c3512a000-7f5c35131000 r-xp 00000000 fc:00 5383                       /usr/lib/x86_64-linux-gnu/libffi.so.6.0.4
7f5c35131000-7f5c35330000 ---p 00007000 fc:00 5383                       /usr/lib/x86_64-linux-gnu/libffi.so.6.0.4
7f5c35330000-7f5c35331000 r--p 00006000 fc:00 5383                       /usr/lib/x86_64-linux-gnu/libffi.so.6.0.4
7f5c35331000-7f5c35332000 rw-p 00007000 fc:00 5383                       /usr/lib/x86_64-linux-gnu/libffi.so.6.0.4
7f5c35332000-7f5c35344000 r-xp 00000000 fc:00 1052721                    /lib/x86_64-linux-gnu/libgpg-error.so.0.17.0
7f5c35344000-7f5c35544000 ---p 00012000 fc:00 1052721                    /lib/x86_64-linux-gnu/libgpg-error.so.0.17.0
7f5c35544000-7f5c35545000 r--p 00012000 fc:00 1052721                    /lib/x86_64-linux-gnu/libgpg-error.so.0.17.0
7f5c35545000-7f5c35546000 rw-p 00013000 fc:00 1052721                    /lib/x86_64-linux-gnu/libgpg-error.so.0.17.0
7f5c35546000-7f5c3555d000 r-xp 00000000 fc:00 5346                       /usr/lib/x86_64-linux-gnu/libelf-0.165.so
7f5c3555d000-7f5c3575c000 ---p 00017000 fc:00 5346                       /usr/lib/x86_64-linux-gnu/libelf-0.165.so
7f5c3575c000-7f5c3575d000 r--p 00016000 fc:00 5346                       /usr/lib/x86_64-linux-gnu/libelf-0.165.so
7f5c3575d000-7f5c3575e000 rw-p 00017000 fc:00 5346                       /usr/lib/x86_64-linux-gnu/libelf-0.165.so
7f5c3575e000-7f5c35765000 r-xp 00000000 fc:00 5325                       /usr/lib/x86_64-linux-gnu/libdrm_amdgpu.so.1.0.0
7f5c35765000-7f5c35964000 ---p 00007000 fc:00 5325                       /usr/lib/x86_64-linux-gnu/libdrm_amdgpu.so.1.0.0
7f5c35964000-7f5c35965000 r--p 00006000 fc:00 5325                       /usr/lib/x86_64-linux-gnu/libdrm_amdgpu.so.1.0.0
7f5c35965000-7f5c35966000 rw-p 00007000 fc:00 5325                       /usr/lib/x86_64-linux-gnu/libdrm_amdgpu.so.1.0.0
7f5c35966000-7f5c35971000 r-xp 00000000 fc:00 5331                       /usr/lib/x86_64-linux-gnu/libdrm_radeon.so.1.0.1
7f5c35971000-7f5c35b70000 ---p 0000b000 fc:00 5331                       /usr/lib/x86_64-linux-gnu/libdrm_radeon.so.1.0.1
7f5c35b70000-7f5c35b71000 r--p 0000a000 fc:00 5331                       /usr/lib/x86_64-linux-gnu/libdrm_radeon.so.1.0.1
7f5c35b71000-7f5c35b72000 rw-p 0000b000 fc:00 5331                       /usr/lib/x86_64-linux-gnu/libdrm_radeon.so.1.0.1
7f5c35b72000-7f5c35b79000 r-xp 00000000 fc:00 5329                       /usr/lib/x86_64-linux-gnu/libdrm_nouveau.so.2.0.0
7f5c35b79000-7f5c35d78000 ---p 00007000 fc:00 5329                       /usr/lib/x86_64-linux-gnu/libdrm_nouveau.so.2.0.0
7f5c35d78000-7f5c35d79000 r--p 00006000 fc:00 5329                       /usr/lib/x86_64-linux-gnu/libdrm_nouveau.so.2.0.0
7f5c35d79000-7f5c35d7a000 rw-p 00007000 fc:00 5329                       /usr/lib/x86_64-linux-gnu/libdrm_nouveau.so.2.0.0
7f5c35d7a000-7f5c35e52000 r-xp 00000000 fc:00 1052719                    /lib/x86_64-linux-gnu/libgcrypt.so.20.0.5
7f5c35e52000-7f5c36051000 ---p 000d8000 fc:00 1052719                    /lib/x86_64-linux-gnu/libgcrypt.so.20.0.5
7f5c36051000-7f5c36052000 r--p 000d7000 fc:00 1052719                    /lib/x86_64-linux-gnu/libgcrypt.so.20.0.5
7f5c36052000-7f5c3605a000 rw-p 000d8000 fc:00 1052719                    /lib/x86_64-linux-gnu/libgcrypt.so.20.0.5
7f5c3605a000-7f5c3605b000 rw-p 00000000 00:00 0 
7f5c3605b000-7f5c36953000 r-xp 00000000 fc:00 7693                       /usr/lib/x86_64-linux-gnu/dri/nouveau_dri.so
7f5c36953000-7f5c36b53000 ---p 008f8000 fc:00 7693                       /usr/lib/x86_64-linux-gnu/dri/nouveau_dri.so
7f5c36b53000-7f5c36b8c000 r--p 008f8000 fc:00 7693                       /usr/lib/x86_64-linux-gnu/dri/nouveau_dri.so
7f5c36b8c000-7f5c36b98000 rw-p 00931000 fc:00 7693                       /usr/lib/x86_64-linux-gnu/dri/nouveau_dri.so
7f5c36b98000-7f5c36d8f000 rw-p 00000000 00:00 0 
7f5c36d8f000-7f5c36d9d000 r-xp 00000000 fc:00 5323                       /usr/lib/x86_64-linux-gnu/libdrm.so.2.4.0
7f5c36d9d000-7f5c36f9c000 ---p 0000e000 fc:00 5323                       /usr/lib/x86_64-linux-gnu/libdrm.so.2.4.0
7f5c36f9c000-7f5c36f9d000 r--p 0000d000 fc:00 5323                       /usr/lib/x86_64-linux-gnu/libdrm.so.2.4.0
7f5c36f9d000-7f5c36f9e000 rw-p 0000e000 fc:00 5323                       /usr/lib/x86_64-linux-gnu/libdrm.so.2.4.0
7f5c36f9e000-7f5c36fa3000 r-xp 00000000 fc:00 5038                       /usr/lib/x86_64-linux-gnu/libXxf86vm.so.1.0.0
7f5c36fa3000-7f5c371a2000 ---p 00005000 fc:00 5038                       /usr/lib/x86_64-linux-gnu/libXxf86vm.so.1.0.0
7f5c371a2000-7f5c371a3000 r--p 00004000 fc:00 5038                       /usr/lib/x86_64-linux-gnu/libXxf86vm.so.1.0.0
7f5c371a3000-7f5c371a4000 rw-p 00005000 fc:00 5038                       /usr/lib/x86_64-linux-gnu/libXxf86vm.so.1.0.0
7f5c371a4000-7f5c371a8000 r-xp 00000000 fc:00 6881                       /usr/lib/x86_64-linux-gnu/libxcb-dri2.so.0.0.0
7f5c371a8000-7f5c373a7000 ---p 00004000 fc:00 6881                       /usr/lib/x86_64-linux-gnu/libxcb-dri2.so.0.0.0
7f5c373a7000-7f5c373a8000 r--p 00003000 fc:00 6881                       /usr/lib/x86_64-linux-gnu/libxcb-dri2.so.0.0.0
7f5c373a8000-7f5c373a9000 rw-p 00004000 fc:00 6881                       /usr/lib/x86_64-linux-gnu/libxcb-dri2.so.0.0.0
7f5c373a9000-7f5c373c0000 r-xp 00000000 fc:00 6885                       /usr/lib/x86_64-linux-gnu/libxcb-glx.so.0.0.0
7f5c373c0000-7f5c375bf000 ---p 00017000 fc:00 6885                       /usr/lib/x86_64-linux-gnu/libxcb-glx.so.0.0.0
7f5c375bf000-7f5c375c1000 r--p 00016000 fc:00 6885                       /usr/lib/x86_64-linux-gnu/libxcb-glx.so.0.0.0
7f5c375c1000-7f5c375c2000 rw-p 00018000 fc:00 6885                       /usr/lib/x86_64-linux-gnu/libxcb-glx.so.0.0.0
7f5c375c2000-7f5c375c3000 r-xp 00000000 fc:00 4993                       /usr/lib/x86_64-linux-gnu/libX11-xcb.so.1.0.0
7f5c375c3000-7f5c377c2000 ---p 00001000 fc:00 4993                       /usr/lib/x86_64-linux-gnu/libX11-xcb.so.1.0.0
7f5c377c2000-7f5c377c3000 r--p 00000000 fc:00 4993                       /usr/lib/x86_64-linux-gnu/libX11-xcb.so.1.0.0
7f5c377c3000-7f5c377c4000 rw-p 00001000 fc:00 4993                       /usr/lib/x86_64-linux-gnu/libX11-xcb.so.1.0.0
7f5c377c4000-7f5c377c6000 r-xp 00000000 fc:00 5005                       /usr/lib/x86_64-linux-gnu/libXdamage.so.1.1.0
7f5c377c6000-7f5c379c5000 ---p 00002000 fc:00 5005                       /usr/lib/x86_64-linux-gnu/libXdamage.so.1.1.0
7f5c379c5000-7f5c379c6000 r--p 00001000 fc:00 5005                       /usr/lib/x86_64-linux-gnu/libXdamage.so.1.1.0
7f5c379c6000-7f5c379c7000 rw-p 00002000 fc:00 5005                       /usr/lib/x86_64-linux-gnu/libXdamage.so.1.1.0
7f5c379c7000-7f5c379f0000 r-xp 00000000 fc:00 5543                       /usr/lib/x86_64-linux-gnu/libglapi.so.0.0.0
7f5c379f0000-7f5c37bf0000 ---p 00029000 fc:00 5543                       /usr/lib/x86_64-linux-gnu/libglapi.so.0.0.0
7f5c37bf0000-7f5c37bf4000 r--p 00029000 fc:00 5543                       /usr/lib/x86_64-linux-gnu/libglapi.so.0.0.0
7f5c37bf4000-7f5c37bf5000 rw-p 0002d000 fc:00 5543                       /usr/lib/x86_64-linux-gnu/libglapi.so.0.0.0
7f5c37bf5000-7f5c37bf6000 rw-p 00000000 00:00 0 
7f5c37bf6000-7f5c37bf7000 r-xp 00000000 fc:00 6942                       /usr/lib/x86_64-linux-gnu/libxshmfence.so.1.0.0
7f5c37bf7000-7f5c37df7000 ---p 00001000 fc:00 6942                       /usr/lib/x86_64-linux-gnu/libxshmfence.so.1.0.0
7f5c37df7000-7f5c37df8000 r--p 00001000 fc:00 6942                       /usr/lib/x86_64-linux-gnu/libxshmfence.so.1.0.0
7f5c37df8000-7f5c37df9000 rw-p 00002000 fc:00 6942                       /usr/lib/x86_64-linux-gnu/libxshmfence.so.1.0.0
7f5c37df9000-7f5c37dfe000 r-xp 00000000 fc:00 6902                       /usr/lib/x86_64-linux-gnu/libxcb-sync.so.1.0.0
7f5c37dfe000-7f5c37ffe000 ---p 00005000 fc:00 6902                       /usr/lib/x86_64-linux-gnu/libxcb-sync.so.1.0.0
7f5c37ffe000-7f5c37fff000 r--p 00005000 fc:00 6902                       /usr/lib/x86_64-linux-gnu/libxcb-sync.so.1.0.0
7f5c37fff000-7f5c38000000 rw-p 00006000 fc:00 6902                       /usr/lib/x86_64-linux-gnu/libxcb-sync.so.1.0.0
7f5c38000000-7f5c382f1000 rw-p 00000000 00:00 0 
7f5c382f1000-7f5c3c000000 ---p 00000000 00:00 0 
7f5c3c000000-7f5c3c021000 rw-p 00000000 00:00 0 
7f5c3c021000-7f5c40000000 ---p 00000000 00:00 0 
7f5c40000000-7f5c40021000 rw-p 00000000 00:00 0 
7f5c40021000-7f5c44000000 ---p 00000000 00:00 0 
7f5c44000000-7f5c44021000 rw-p 00000000 00:00 0 
7f5c44021000-7f5c48000000 ---p 00000000 00:00 0 
7f5c48000000-7f5c48021000 rw-p 00000000 00:00 0 
7f5c48021000-7f5c4c000000 ---p 00000000 00:00 0 
7f5c4c000000-7f5c4c331000 rw-p 00000000 00:00 0 
7f5c4c331000-7f5c50000000 ---p 00000000 00:00 0 
7f5c50000000-7f5c50001000 r--s 00000000 fc:00 1075630                    /var/cache/fontconfig/406a1d2d2bf3ed7664fbadefac0b2f66-le64.cache-6
7f5c50001000-7f5c50003000 r--s 00000000 fc:00 1075648                    /var/cache/fontconfig/67709b7835c0f764c1135060c9575660-le64.cache-6
7f5c50003000-7f5c50004000 r--s 00000000 fc:00 1075624                    /var/cache/fontconfig/30829fa25452a46451e813d634d7f916-le64.cache-6
7f5c50004000-7f5c50012000 r--s 00000000 fc:00 1075617                    /var/cache/fontconfig/198d8fcf01c96d0cf813f74fd759bdb7-le64.cache-6
7f5c50012000-7f5c50013000 r--s 00000000 fc:00 1075613                    /var/cache/fontconfig/0c9eb80ebd1c36541ebe2852d3bb0c49-le64.cache-6
7f5c50013000-7f5c50016000 r--s 00000000 fc:00 1075655                    /var/cache/fontconfig/75114ca45c98e8a441da0ff356701271-le64.cache-6
7f5c50016000-7f5c50021000 r--s 00000000 fc:00 1075659                    /var/cache/fontconfig/83bf95040141907cd45bb53cf7c1c148-le64.cache-6
7f5c50021000-7f5c50033000 r--s 00000000 fc:00 1075665                    /var/cache/fontconfig/9b89f8e3dae116d678bbf48e5f21f69b-le64.cache-6
7f5c50033000-7f5c5003c000 r--s 00000000 fc:00 1075683                    /var/cache/fontconfig/d0972c3d32f097851eb916381fc38920-le64.cache-6
7f5c5003c000-7f5c5003e000 r--s 00000000 fc:00 1075652                    /var/cache/fontconfig/6e6b34ae150a7ad95e82fb4a522f0bda-le64.cache-6
7f5c5003e000-7f5c50045000 r--s 00000000 fc:00 1075640                    /var/cache/fontconfig/53d14c92082a93e67d5078324eb314ca-le64.cache-6
7f5c50045000-7f5c50049000 r--s 00000000 fc:00 1075650                    /var/cache/fontconfig/6c08beecf0dac481ec92e759e0c2e6d7-le64.cache-6
7f5c50049000-7f5c5004d000 r--s 00000000 fc:00 1075639                    /var/cache/fontconfig/4d6aee6d44eccb37054d3216e945f618-le64.cache-6
7f5c5004d000-7f5c50051000 r--s 00000000 fc:00 1075687                    /var/cache/fontconfig/d6c6df98c3df5faf9bd0f8ef4d91efe5-le64.cache-6
7f5c50051000-7f5c50055000 r--s 00000000 fc:00 1075668                    /var/cache/fontconfig/9fb319ef52839f11ee26ab8b4cffa12b-le64.cache-6
7f5c50055000-7f5c50057000 r--s 00000000 fc:00 1075632                    /var/cache/fontconfig/43bfe21a9e1edebcf703d79ee2950b06-le64.cache-6
7f5c50057000-7f5c500d7000 rw-s 143e9b000 00:06 15082                     /dev/dri/card0
7f5c500d7000-7f5c50157000 r-xp 00000000 fc:00 1052793                    /lib/x86_64-linux-gnu/libsystemd.so.0.14.0
7f5c50157000-7f5c5015a000 r--p 0007f000 fc:00 1052793                    /lib/x86_64-linux-gnu/libsystemd.so.0.14.0
7f5c5015a000-7f5c5015b000 rw-p 00082000 fc:00 1052793                    /lib/x86_64-linux-gnu/libsystemd.so.0.14.0
7f5c5015b000-7f5c5015c000 rw-p 00000000 00:00 0 
7f5c5015c000-7f5c501dc000 rw-s 14ea6d000 00:06 15082                     /dev/dri/card0
7f5c501dc000-7f5c501fa000 r-xp 00000000 fc:00 1052797                    /lib/x86_64-linux-gnu/libudev.so.1.6.4
7f5c501fa000-7f5c501fb000 r--p 0001d000 fc:00 1052797                    /lib/x86_64-linux-gnu/libudev.so.1.6.4
7f5c501fb000-7f5c501fc000 rw-p 0001e000 fc:00 1052797                    /lib/x86_64-linux-gnu/libudev.so.1.6.4
7f5c501fc000-7f5c501fe000 r-xp 00000000 fc:00 6890                       /usr/lib/x86_64-linux-gnu/libxcb-present.so.0.0.0
7f5c501fe000-7f5c503fd000 ---p 00002000 fc:00 6890                       /usr/lib/x86_64-linux-gnu/libxcb-present.so.0.0.0
7f5c503fd000-7f5c503fe000 r--p 00001000 fc:00 6890                       /usr/lib/x86_64-linux-gnu/libxcb-present.so.0.0.0
7f5c503fe000-7f5c503ff000 rw-p 00002000 fc:00 6890                       /usr/lib/x86_64-linux-gnu/libxcb-present.so.0.0.0
7f5c503ff000-7f5c50401000 r-xp 00000000 fc:00 6883                       /usr/lib/x86_64-linux-gnu/libxcb-dri3.so.0.0.0
7f5c50401000-7f5c50600000 ---p 00002000 fc:00 6883                       /usr/lib/x86_64-linux-gnu/libxcb-dri3.so.0.0.0
7f5c50600000-7f5c50601000 r--p 00001000 fc:00 6883                       /usr/lib/x86_64-linux-gnu/libxcb-dri3.so.0.0.0
7f5c50601000-7f5c50602000 rw-p 00002000 fc:00 6883                       /usr/lib/x86_64-linux-gnu/libxcb-dri3.so.0.0.0
7f5c50602000-7f5c50628000 r-xp 00000000 fc:00 1052714                    /lib/x86_64-linux-gnu/libexpat.so.1.6.0
7f5c50628000-7f5c50828000 ---p 00026000 fc:00 1052714                    /lib/x86_64-linux-gnu/libexpat.so.1.6.0
7f5c50828000-7f5c5082a000 r--p 00026000 fc:00 1052714                    /lib/x86_64-linux-gnu/libexpat.so.1.6.0
7f5c5082a000-7f5c5082b000 rw-p 00028000 fc:00 1052714                    /lib/x86_64-linux-gnu/libexpat.so.1.6.0
7f5c5082b000-7f5c5089b000 r-xp 00000000 fc:00 9524                       /usr/lib/x86_64-linux-gnu/mesa/libGL.so.1.2.0
7f5c5089b000-7f5c50a9a000 ---p 00070000 fc:00 9524                       /usr/lib/x86_64-linux-gnu/mesa/libGL.so.1.2.0
7f5c50a9a000-7f5c50a9d000 r--p 0006f000 fc:00 9524                       /usr/lib/x86_64-linux-gnu/mesa/libGL.so.1.2.0
7f5c50a9d000-7f5c50a9e000 rw-p 00072000 fc:00 9524                       /usr/lib/x86_64-linux-gnu/mesa/libGL.so.1.2.0
7f5c50a9e000-7f5c50a9f000 rw-p 00000000 00:00 0 
7f5c50a9f000-7f5c50aab000 r-xp 00000000 fc:00 1721665                    /usr/lib/jvm/java-8-openjdk-amd64/jre/lib/amd64/libprism_es2.so
7f5c50aab000-7f5c50caa000 ---p 0000c000 fc:00 1721665                    /usr/lib/jvm/java-8-openjdk-amd64/jre/lib/amd64/libprism_es2.so
7f5c50caa000-7f5c50cab000 r--p 0000b000 fc:00 1721665                    /usr/lib/jvm/java-8-openjdk-amd64/jre/lib/amd64/libprism_es2.so
7f5c50cab000-7f5c50cac000 rw-p 0000c000 fc:00 1721665                    /usr/lib/jvm/java-8-openjdk-amd64/jre/lib/amd64/libprism_es2.so
7f5c50cac000-7f5c50caf000 ---p 00000000 00:00 0 
7f5c50caf000-7f5c50fad000 rw-p 00000000 00:00 0 
7f5c50fad000-7f5c50fb0000 ---p 00000000 00:00 0 
7f5c50fb0000-7f5c510ae000 rw-p 00000000 00:00 0 
7f5c510ae000-7f5c510b1000 ---p 00000000 00:00 0 
7f5c510b1000-7f5c511af000 rw-p 00000000 00:00 0 
7f5c511af000-7f5c511b2000 ---p 00000000 00:00 0 
7f5c511b2000-7f5c512b0000 rw-p 00000000 00:00 0 
7f5c512b0000-7f5c512b5000 r-xp 00000000 fc:00 5011                       /usr/lib/x86_64-linux-gnu/libXfixes.so.3.1.0
7f5c512b5000-7f5c514b4000 ---p 00005000 fc:00 5011                       /usr/lib/x86_64-linux-gnu/libXfixes.so.3.1.0
7f5c514b4000-7f5c514b5000 r--p 00004000 fc:00 5011                       /usr/lib/x86_64-linux-gnu/libXfixes.so.3.1.0
7f5c514b5000-7f5c514b6000 rw-p 00005000 fc:00 5011                       /usr/lib/x86_64-linux-gnu/libXfixes.so.3.1.0
7f5c514b6000-7f5c514bf000 r-xp 00000000 fc:00 5003                       /usr/lib/x86_64-linux-gnu/libXcursor.so.1.0.2
7f5c514bf000-7f5c516be000 ---p 00009000 fc:00 5003                       /usr/lib/x86_64-linux-gnu/libXcursor.so.1.0.2
7f5c516be000-7f5c516bf000 r--p 00008000 fc:00 5003                       /usr/lib/x86_64-linux-gnu/libXcursor.so.1.0.2
7f5c516bf000-7f5c516c0000 rw-p 00009000 fc:00 5003                       /usr/lib/x86_64-linux-gnu/libXcursor.so.1.0.2
7f5c516c0000-7f5c516c3000 ---p 00000000 00:00 0 
7f5c516c3000-7f5c517c1000 rw-p 00000000 00:00 0 
7f5c517c1000-7f5c517e5000 r-xp 00000000 fc:00 1052778                    /lib/x86_64-linux-gnu/libpng12.so.0.54.0
7f5c517e5000-7f5c519e4000 ---p 00024000 fc:00 1052778                    /lib/x86_64-linux-gnu/libpng12.so.0.54.0
7f5c519e4000-7f5c519e5000 r--p 00023000 fc:00 1052778                    /lib/x86_64-linux-gnu/libpng12.so.0.54.0
7f5c519e5000-7f5c519e6000 rw-p 00024000 fc:00 1052778                    /lib/x86_64-linux-gnu/libpng12.so.0.54.0
7f5c519e6000-7f5c51a8a000 r-xp 00000000 fc:00 5466                       /usr/lib/x86_64-linux-gnu/libfreetype.so.6.12.1
7f5c51a8a000-7f5c51c89000 ---p 000a4000 fc:00 5466                       /usr/lib/x86_64-linux-gnu/libfreetype.so.6.12.1
7f5c51c89000-7f5c51c8f000 r--p 000a3000 fc:00 5466                       /usr/lib/x86_64-linux-gnu/libfreetype.so.6.12.1
7f5c51c8f000-7f5c51c90000 rw-p 000a9000 fc:00 5466                       /usr/lib/x86_64-linux-gnu/libfreetype.so.6.12.1
7f5c51c90000-7f5c51ce2000 r-xp 00000000 fc:00 1721735                    /usr/lib/jvm/java-8-openjdk-amd64/jre/lib/amd64/libfontmanager.so
7f5c51ce2000-7f5c51ee2000 ---p 00052000 fc:00 1721735                    /usr/lib/jvm/java-8-openjdk-amd64/jre/lib/amd64/libfontmanager.so
7f5c51ee2000-7f5c51ee4000 r--p 00052000 fc:00 1721735                    /usr/lib/jvm/java-8-openjdk-amd64/jre/lib/amd64/libfontmanager.so
7f5c51ee4000-7f5c51ee5000 rw-p 00054000 fc:00 1721735                    /usr/lib/jvm/java-8-openjdk-amd64/jre/lib/amd64/libfontmanager.so
7f5c51ee5000-7f5c51eea000 r-xp 00000000 fc:00 5007                       /usr/lib/x86_64-linux-gnu/libXdmcp.so.6.0.0
7f5c51eea000-7f5c520e9000 ---p 00005000 fc:00 5007                       /usr/lib/x86_64-linux-gnu/libXdmcp.so.6.0.0
7f5c520e9000-7f5c520ea000 r--p 00004000 fc:00 5007                       /usr/lib/x86_64-linux-gnu/libXdmcp.so.6.0.0
7f5c520ea000-7f5c520eb000 rw-p 00005000 fc:00 5007                       /usr/lib/x86_64-linux-gnu/libXdmcp.so.6.0.0
7f5c520eb000-7f5c520ed000 r-xp 00000000 fc:00 4998                       /usr/lib/x86_64-linux-gnu/libXau.so.6.0.0
7f5c520ed000-7f5c522ed000 ---p 00002000 fc:00 4998                       /usr/lib/x86_64-linux-gnu/libXau.so.6.0.0
7f5c522ed000-7f5c522ee000 r--p 00002000 fc:00 4998                       /usr/lib/x86_64-linux-gnu/libXau.so.6.0.0
7f5c522ee000-7f5c522ef000 rw-p 00003000 fc:00 4998                       /usr/lib/x86_64-linux-gnu/libXau.so.6.0.0
7f5c522ef000-7f5c52310000 r-xp 00000000 fc:00 6910                       /usr/lib/x86_64-linux-gnu/libxcb.so.1.1.0
7f5c52310000-7f5c5250f000 ---p 00021000 fc:00 6910                       /usr/lib/x86_64-linux-gnu/libxcb.so.1.1.0
7f5c5250f000-7f5c52510000 r--p 00020000 fc:00 6910                       /usr/lib/x86_64-linux-gnu/libxcb.so.1.1.0
7f5c52510000-7f5c52511000 rw-p 00021000 fc:00 6910                       /usr/lib/x86_64-linux-gnu/libxcb.so.1.1.0
7f5c52511000-7f5c52520000 r-xp 00000000 fc:00 5016                       /usr/lib/x86_64-linux-gnu/libXi.so.6.1.0
7f5c52520000-7f5c5271f000 ---p 0000f000 fc:00 5016                       /usr/lib/x86_64-linux-gnu/libXi.so.6.1.0
7f5c5271f000-7f5c52720000 r--p 0000e000 fc:00 5016                       /usr/lib/x86_64-linux-gnu/libXi.so.6.1.0
7f5c52720000-7f5c52721000 rw-p 0000f000 fc:00 5016                       /usr/lib/x86_64-linux-gnu/libXi.so.6.1.0
7f5c52721000-7f5c52726000 r-xp 00000000 fc:00 5032                       /usr/lib/x86_64-linux-gnu/libXtst.so.6.1.0
7f5c52726000-7f5c52925000 ---p 00005000 fc:00 5032                       /usr/lib/x86_64-linux-gnu/libXtst.so.6.1.0
7f5c52925000-7f5c52926000 r--p 00004000 fc:00 5032                       /usr/lib/x86_64-linux-gnu/libXtst.so.6.1.0
7f5c52926000-7f5c52927000 rw-p 00005000 fc:00 5032                       /usr/lib/x86_64-linux-gnu/libXtst.so.6.1.0
7f5c52927000-7f5c52930000 r-xp 00000000 fc:00 5026                       /usr/lib/x86_64-linux-gnu/libXrender.so.1.3.0
7f5c52930000-7f5c52b2f000 ---p 00009000 fc:00 5026                       /usr/lib/x86_64-linux-gnu/libXrender.so.1.3.0
7f5c52b2f000-7f5c52b30000 r--p 00008000 fc:00 5026                       /usr/lib/x86_64-linux-gnu/libXrender.so.1.3.0
7f5c52b30000-7f5c52b31000 rw-p 00009000 fc:00 5026                       /usr/lib/x86_64-linux-gnu/libXrender.so.1.3.0
7f5c52b31000-7f5c52c66000 r-xp 00000000 fc:00 4995                       /usr/lib/x86_64-linux-gnu/libX11.so.6.3.0
7f5c52c66000-7f5c52e66000 ---p 00135000 fc:00 4995                       /usr/lib/x86_64-linux-gnu/libX11.so.6.3.0
7f5c52e66000-7f5c52e67000 r--p 00135000 fc:00 4995                       /usr/lib/x86_64-linux-gnu/libX11.so.6.3.0
7f5c52e67000-7f5c52e6b000 rw-p 00136000 fc:00 4995                       /usr/lib/x86_64-linux-gnu/libX11.so.6.3.0
7f5c52e6b000-7f5c52e7c000 r-xp 00000000 fc:00 5009                       /usr/lib/x86_64-linux-gnu/libXext.so.6.4.0
7f5c52e7c000-7f5c5307b000 ---p 00011000 fc:00 5009                       /usr/lib/x86_64-linux-gnu/libXext.so.6.4.0
7f5c5307b000-7f5c5307c000 r--p 00010000 fc:00 5009                       /usr/lib/x86_64-linux-gnu/libXext.so.6.4.0
7f5c5307c000-7f5c5307d000 rw-p 00011000 fc:00 5009                       /usr/lib/x86_64-linux-gnu/libXext.so.6.4.0
7f5c5307d000-7f5c5307e000 r--s 00000000 fc:00 1075626                    /var/cache/fontconfig/3334a778d104e76d188e9df399bc24d2-le64.cache-6
7f5c5307e000-7f5c53091000 r--s 00000000 fc:00 1075635                    /var/cache/fontconfig/4ac51e5cfbc76fc3f983e470323a16d3-le64.cache-6
7f5c53091000-7f5c53094000 r--s 00000000 fc:00 1075675                    /var/cache/fontconfig/c19b55eb3b4c5b40ea175e31682068a5-le64.cache-6
7f5c53094000-7f5c53095000 r--s 00000000 fc:00 1075676                    /var/cache/fontconfig/c277e94e32b20404286a1ddafa5a80f0-le64.cache-6
7f5c53095000-7f5c53099000 r--s 00000000 fc:00 1075627                    /var/cache/fontconfig/3629f2adf904f9a612908891fae71ceb-le64.cache-6
7f5c53099000-7f5c5309c000 r--s 00000000 fc:00 1075691                    /var/cache/fontconfig/de83a0a961185c8bd1f159015d56c039-le64.cache-6
7f5c5309c000-7f5c530b2000 r--s 00000000 fc:00 1075694                    /var/cache/fontconfig/e13b20fdb08344e0e664864cc2ede53d-le64.cache-6
7f5c530b2000-7f5c530b7000 r--s 00000000 fc:00 1075658                    /var/cache/fontconfig/7ef2298fde41cc6eeb7af42e48b7d293-le64.cache-6
7f5c530b7000-7f5c530d8000 r--s 00000000 fc:00 1075633                    /var/cache/fontconfig/467c019e582ee353435ea5c21d137ef6-le64.cache-6
7f5c530d8000-7f5c5312c000 r-xp 00000000 fc:00 1721749                    /usr/lib/jvm/java-8-openjdk-amd64/jre/lib/amd64/libawt_xawt.so
7f5c5312c000-7f5c5332c000 ---p 00054000 fc:00 1721749                    /usr/lib/jvm/java-8-openjdk-amd64/jre/lib/amd64/libawt_xawt.so
7f5c5332c000-7f5c5332d000 r--p 00054000 fc:00 1721749                    /usr/lib/jvm/java-8-openjdk-amd64/jre/lib/amd64/libawt_xawt.so
7f5c5332d000-7f5c53330000 rw-p 00055000 fc:00 1721749                    /usr/lib/jvm/java-8-openjdk-amd64/jre/lib/amd64/libawt_xawt.so
7f5c53330000-7f5c53331000 rw-p 00000000 00:00 0 
7f5c53331000-7f5c533d1000 r-xp 00000000 fc:00 1721754                    /usr/lib/jvm/java-8-openjdk-amd64/jre/lib/amd64/libawt.so
7f5c533d1000-7f5c535d1000 ---p 000a0000 fc:00 1721754                    /usr/lib/jvm/java-8-openjdk-amd64/jre/lib/amd64/libawt.so
7f5c535d1000-7f5c535d2000 r--p 000a0000 fc:00 1721754                    /usr/lib/jvm/java-8-openjdk-amd64/jre/lib/amd64/libawt.so
7f5c535d2000-7f5c535dd000 rw-p 000a1000 fc:00 1721754                    /usr/lib/jvm/java-8-openjdk-amd64/jre/lib/amd64/libawt.so
7f5c535dd000-7f5c53903000 rw-p 00000000 00:00 0 
7f5c53903000-7f5c5391a000 r-xp 00000000 fc:00 1721731                    /usr/lib/jvm/java-8-openjdk-amd64/jre/lib/amd64/libnet.so
7f5c5391a000-7f5c53b19000 ---p 00017000 fc:00 1721731                    /usr/lib/jvm/java-8-openjdk-amd64/jre/lib/amd64/libnet.so
7f5c53b19000-7f5c53b1a000 r--p 00016000 fc:00 1721731                    /usr/lib/jvm/java-8-openjdk-amd64/jre/lib/amd64/libnet.so
7f5c53b1a000-7f5c53b1b000 rw-p 00017000 fc:00 1721731                    /usr/lib/jvm/java-8-openjdk-amd64/jre/lib/amd64/libnet.so
7f5c53b1b000-7f5c53b1e000 ---p 00000000 00:00 0 
7f5c53b1e000-7f5c53c1c000 rw-p 00000000 00:00 0 
7f5c53c1c000-7f5c53c1d000 r-xp 00000000 00:34 5434950825                 /vol/intellij/16.3.3-ce/bin/libbreakgen64.so
7f5c53c1d000-7f5c53e1c000 ---p 00001000 00:34 5434950825                 /vol/intellij/16.3.3-ce/bin/libbreakgen64.so
7f5c53e1c000-7f5c53e1d000 r--p 00000000 00:34 5434950825                 /vol/intellij/16.3.3-ce/bin/libbreakgen64.so
7f5c53e1d000-7f5c53e1e000 rw-p 00001000 00:34 5434950825                 /vol/intellij/16.3.3-ce/bin/libbreakgen64.so
7f5c53e1e000-7f5c53e20000 r--s 00019000 00:34 5437833556                 /vol/intellij/16.3.3-ce/lib/idea_rt.jar
7f5c53e20000-7f5c53e43000 r--s 001ba000 00:33 5470946004                 /homes/jseidelmann/.m2/repository/org/apache/commons/commons-math3/3.3/commons-math3-3.3.jar
7f5c53e43000-7f5c53e53000 r--s 000a8000 00:33 5471275690                 /homes/jseidelmann/.m2/repository/org/apache/commons/commons-collections4/4.1/commons-collections4-4.1.jar
7f5c53e53000-7f5c53e5b000 r--s 00048000 00:33 5470749982                 /homes/jseidelmann/.m2/repository/net/sf/jung/jung-visualization/2.0.1/jung-visualization-2.0.1.jar
7f5c53e5b000-7f5c53e69000 r--s 00081000 00:33 5471077561                 /homes/jseidelmann/.m2/repository/colt/colt/1.2.0/colt-1.2.0.jar
7f5c53e69000-7f5c53eff000 r--s 008d7000 fc:00 2248367                    /usr/share/java/openjfx/jre/lib/ext/jfxrt.jar
7f5c53eff000-7f5c53f00000 ---p 00000000 00:00 0 
7f5c53f00000-7f5c54000000 rw-p 00000000 00:00 0 
7f5c54000000-7f5c54021000 rw-p 00000000 00:00 0 
7f5c54021000-7f5c58000000 ---p 00000000 00:00 0 
7f5c58000000-7f5c58250000 rw-p 00000000 00:00 0 
7f5c58250000-7f5c5c000000 ---p 00000000 00:00 0 
7f5c5c000000-7f5c5c021000 rw-p 00000000 00:00 0 
7f5c5c021000-7f5c60000000 ---p 00000000 00:00 0 
7f5c60000000-7f5c60021000 rw-p 00000000 00:00 0 
7f5c60021000-7f5c64000000 ---p 00000000 00:00 0 
7f5c64000000-7f5c64025000 rw-p 00000000 00:00 0 
7f5c64025000-7f5c68000000 ---p 00000000 00:00 0 
7f5c68000000-7f5c68021000 rw-p 00000000 00:00 0 
7f5c68021000-7f5c6c000000 ---p 00000000 00:00 0 
7f5c6c000000-7f5c6c021000 rw-p 00000000 00:00 0 
7f5c6c021000-7f5c70000000 ---p 00000000 00:00 0 
7f5c70000000-7f5c70001000 r--s 00000000 fc:00 1075692                    /var/cache/fontconfig/e0aa53bcfa504e64f87823c16bc01eb6-le64.cache-6
7f5c70001000-7f5c70005000 r--s 00027000 00:33 5471208568                 /homes/jseidelmann/.m2/repository/eu/mihosoft/vrl/workflow/vworkflows-fx/0.2.3/vworkflows-fx-0.2.3.jar
7f5c70005000-7f5c7000c000 r--s 00028000 00:33 5471077562                 /homes/jseidelmann/.m2/repository/concurrent/concurrent/1.3.4/concurrent-1.3.4.jar
7f5c7000c000-7f5c70011000 r--s 00034000 00:33 5470749983                 /homes/jseidelmann/.m2/repository/net/sf/jung/jung-algorithms/2.0.1/jung-algorithms-2.0.1.jar
7f5c70011000-7f5c70013000 r--s 0000e000 00:33 5471275684                 /homes/jseidelmann/.m2/repository/net/sf/jung/jung-graph-impl/2.0.1/jung-graph-impl-2.0.1.jar
7f5c70013000-7f5c7001f000 r--s 00076000 00:33 5470884211                 /homes/jseidelmann/.m2/repository/net/sourceforge/collections/collections-generic/4.01/collections-generic-4.01.jar
7f5c7001f000-7f5c7002c000 r--s 00077000 00:33 5471077555                 /homes/jseidelmann/.m2/repository/com/thoughtworks/xstream/xstream/1.4.8/xstream-1.4.8.jar
7f5c7002c000-7f5c7003f000 r--s 00346000 fc:00 1721757                    /usr/lib/jvm/java-8-openjdk-amd64/jre/lib/resources.jar
7f5c7003f000-7f5c7005a000 r--s 00394000 fc:00 1721772                    /usr/lib/jvm/java-8-openjdk-amd64/jre/lib/ext/cldrdata.jar
7f5c7005a000-7f5c7005d000 ---p 00000000 00:00 0 
7f5c7005d000-7f5c7015b000 rw-p 00000000 00:00 0 
7f5c7015b000-7f5c7015e000 ---p 00000000 00:00 0 
7f5c7015e000-7f5c7025c000 rw-p 00000000 00:00 0 
7f5c7025c000-7f5c7025f000 ---p 00000000 00:00 0 
7f5c7025f000-7f5c7035d000 rw-p 00000000 00:00 0 
7f5c7035d000-7f5c70360000 ---p 00000000 00:00 0 
7f5c70360000-7f5c7045e000 rw-p 00000000 00:00 0 
7f5c7045e000-7f5c70c8d000 r--p 00000000 fc:00 1837795                    /usr/lib/locale/locale-archive
7f5c70c8d000-7f5c70c90000 ---p 00000000 00:00 0 
7f5c70c90000-7f5c70d8e000 rw-p 00000000 00:00 0 
7f5c70d8e000-7f5c70d91000 ---p 00000000 00:00 0 
7f5c70d91000-7f5c70e8f000 rw-p 00000000 00:00 0 
7f5c70e8f000-7f5c70e90000 ---p 00000000 00:00 0 
7f5c70e90000-7f5c718ba000 rw-p 00000000 00:00 0 
7f5c718ba000-7f5c71a88000 r--s 03c06000 fc:00 1721783                    /usr/lib/jvm/java-8-openjdk-amd64/jre/lib/rt.jar
7f5c71a88000-7f5c742ce000 rw-p 00000000 00:00 0 
7f5c742ce000-7f5c742cf000 ---p 00000000 00:00 0 
7f5c742cf000-7f5c743cf000 rw-p 00000000 00:00 0 
7f5c743cf000-7f5c743d0000 ---p 00000000 00:00 0 
7f5c743d0000-7f5c744e5000 rw-p 00000000 00:00 0 
7f5c744e5000-7f5c74614000 ---p 00000000 00:00 0 
7f5c74614000-7f5c74629000 rw-p 00000000 00:00 0 
7f5c74629000-7f5c74758000 ---p 00000000 00:00 0 
7f5c74758000-7f5c7476a000 rw-p 00000000 00:00 0 
7f5c7476a000-7f5c747fa000 ---p 00000000 00:00 0 
7f5c747fa000-7f5c747fb000 rw-p 00000000 00:00 0 
7f5c747fb000-7f5c74ccb000 rwxp 00000000 00:00 0 
7f5c74ccb000-7f5c837fb000 ---p 00000000 00:00 0 
7f5c837fb000-7f5c84000000 r--s 00000000 fc:00 1049659                    /var/lib/sss/mc/passwd
7f5c84000000-7f5c843f8000 rw-p 00000000 00:00 0 
7f5c843f8000-7f5c88000000 ---p 00000000 00:00 0 
7f5c88000000-7f5c88001000 rw-s 14ada2000 00:06 15082                     /dev/dri/card0
7f5c88001000-7f5c88004000 r--s 00008000 00:33 5471603534                 /homes/jseidelmann/.m2/repository/net/sf/jung/jung-api/2.0.1/jung-api-2.0.1.jar
7f5c88004000-7f5c88006000 r--s 00005000 00:33 5471603529                 /homes/jseidelmann/.m2/repository/xpp3/xpp3_min/1.1.4c/xpp3_min-1.1.4c.jar
7f5c88006000-7f5c88007000 r--s 00001000 00:33 5471603528                 /homes/jseidelmann/.m2/repository/xmlpull/xmlpull/1.1.3.1/xmlpull-1.1.3.1.jar
7f5c88007000-7f5c8800a000 r--s 00020000 00:33 5470749984                 /homes/jseidelmann/.m2/repository/eu/mihosoft/vrl/workflow/vworkflows-core/0.2.3/vworkflows-core-0.2.3.jar
7f5c8800a000-7f5c8800b000 r--s 00000000 fc:00 1721595                    /usr/lib/jvm/java-8-openjdk-amd64/jre/lib/management-agent.jar
7f5c8800b000-7f5c8800f000 r--s 0009a000 fc:00 1721779                    /usr/lib/jvm/java-8-openjdk-amd64/jre/lib/jsse.jar
7f5c8800f000-7f5c88019000 r--s 00116000 fc:00 1721775                    /usr/lib/jvm/java-8-openjdk-amd64/jre/lib/ext/localedata.jar
7f5c88019000-7f5c88111000 rw-p 00000000 00:00 0 
7f5c88111000-7f5c884bd000 ---p 00000000 00:00 0 
7f5c884bd000-7f5c884c5000 r-xp 00000000 fc:00 1721729                    /usr/lib/jvm/java-8-openjdk-amd64/jre/lib/amd64/libzip.so
7f5c884c5000-7f5c886c4000 ---p 00008000 fc:00 1721729                    /usr/lib/jvm/java-8-openjdk-amd64/jre/lib/amd64/libzip.so
7f5c886c4000-7f5c886c5000 r--p 00007000 fc:00 1721729                    /usr/lib/jvm/java-8-openjdk-amd64/jre/lib/amd64/libzip.so
7f5c886c5000-7f5c886c6000 rw-p 00008000 fc:00 1721729                    /usr/lib/jvm/java-8-openjdk-amd64/jre/lib/amd64/libzip.so
7f5c886c6000-7f5c886ce000 r-xp 00000000 fc:00 1052763                    /lib/x86_64-linux-gnu/libnss_sss.so.2
7f5c886ce000-7f5c888cd000 ---p 00008000 fc:00 1052763                    /lib/x86_64-linux-gnu/libnss_sss.so.2
7f5c888cd000-7f5c888ce000 r--p 00007000 fc:00 1052763                    /lib/x86_64-linux-gnu/libnss_sss.so.2
7f5c888ce000-7f5c888cf000 rw-p 00008000 fc:00 1052763                    /lib/x86_64-linux-gnu/libnss_sss.so.2
7f5c888cf000-7f5c888da000 r-xp 00000000 fc:00 1052753                    /lib/x86_64-linux-gnu/libnss_files-2.23.so
7f5c888da000-7f5c88ad9000 ---p 0000b000 fc:00 1052753                    /lib/x86_64-linux-gnu/libnss_files-2.23.so
7f5c88ad9000-7f5c88ada000 r--p 0000a000 fc:00 1052753                    /lib/x86_64-linux-gnu/libnss_files-2.23.so
7f5c88ada000-7f5c88adb000 rw-p 0000b000 fc:00 1052753                    /lib/x86_64-linux-gnu/libnss_files-2.23.so
7f5c88adb000-7f5c88ae1000 rw-p 00000000 00:00 0 
7f5c88ae1000-7f5c88b0e000 r-xp 00000000 fc:00 1721756                    /usr/lib/jvm/java-8-openjdk-amd64/jre/lib/amd64/libjava.so
7f5c88b0e000-7f5c88d0d000 ---p 0002d000 fc:00 1721756                    /usr/lib/jvm/java-8-openjdk-amd64/jre/lib/amd64/libjava.so
7f5c88d0d000-7f5c88d0e000 r--p 0002c000 fc:00 1721756                    /usr/lib/jvm/java-8-openjdk-amd64/jre/lib/amd64/libjava.so
7f5c88d0e000-7f5c88d10000 rw-p 0002d000 fc:00 1721756                    /usr/lib/jvm/java-8-openjdk-amd64/jre/lib/amd64/libjava.so
7f5c88d10000-7f5c88d1f000 r-xp 00000000 fc:00 1721707                    /usr/lib/jvm/java-8-openjdk-amd64/jre/lib/amd64/libverify.so
7f5c88d1f000-7f5c88f1e000 ---p 0000f000 fc:00 1721707                    /usr/lib/jvm/java-8-openjdk-amd64/jre/lib/amd64/libverify.so
7f5c88f1e000-7f5c88f20000 r--p 0000e000 fc:00 1721707                    /usr/lib/jvm/java-8-openjdk-amd64/jre/lib/amd64/libverify.so
7f5c88f20000-7f5c88f21000 rw-p 00010000 fc:00 1721707                    /usr/lib/jvm/java-8-openjdk-amd64/jre/lib/amd64/libverify.so
7f5c88f21000-7f5c88f28000 r-xp 00000000 fc:00 1052785                    /lib/x86_64-linux-gnu/librt-2.23.so
7f5c88f28000-7f5c89127000 ---p 00007000 fc:00 1052785                    /lib/x86_64-linux-gnu/librt-2.23.so
7f5c89127000-7f5c89128000 r--p 00006000 fc:00 1052785                    /lib/x86_64-linux-gnu/librt-2.23.so
7f5c89128000-7f5c89129000 rw-p 00007000 fc:00 1052785                    /lib/x86_64-linux-gnu/librt-2.23.so
7f5c89129000-7f5c8913f000 r-xp 00000000 fc:00 1052718                    /lib/x86_64-linux-gnu/libgcc_s.so.1
7f5c8913f000-7f5c8933e000 ---p 00016000 fc:00 1052718                    /lib/x86_64-linux-gnu/libgcc_s.so.1
7f5c8933e000-7f5c8933f000 rw-p 00015000 fc:00 1052718                    /lib/x86_64-linux-gnu/libgcc_s.so.1
7f5c8933f000-7f5c89447000 r-xp 00000000 fc:00 1052737                    /lib/x86_64-linux-gnu/libm-2.23.so
7f5c89447000-7f5c89646000 ---p 00108000 fc:00 1052737                    /lib/x86_64-linux-gnu/libm-2.23.so
7f5c89646000-7f5c89647000 r--p 00107000 fc:00 1052737                    /lib/x86_64-linux-gnu/libm-2.23.so
7f5c89647000-7f5c89648000 rw-p 00108000 fc:00 1052737                    /lib/x86_64-linux-gnu/libm-2.23.so
7f5c89648000-7f5c897ba000 r-xp 00000000 fc:00 6292                       /usr/lib/x86_64-linux-gnu/libstdc++.so.6.0.21
7f5c897ba000-7f5c899ba000 ---p 00172000 fc:00 6292                       /usr/lib/x86_64-linux-gnu/libstdc++.so.6.0.21
7f5c899ba000-7f5c899c4000 r--p 00172000 fc:00 6292                       /usr/lib/x86_64-linux-gnu/libstdc++.so.6.0.21
7f5c899c4000-7f5c899c6000 rw-p 0017c000 fc:00 6292                       /usr/lib/x86_64-linux-gnu/libstdc++.so.6.0.21
7f5c899c6000-7f5c899ca000 rw-p 00000000 00:00 0 
7f5c899ca000-7f5c8a61a000 r-xp 00000000 fc:00 1721751                    /usr/lib/jvm/java-8-openjdk-amd64/jre/lib/amd64/server/libjvm.so
7f5c8a61a000-7f5c8a819000 ---p 00c50000 fc:00 1721751                    /usr/lib/jvm/java-8-openjdk-amd64/jre/lib/amd64/server/libjvm.so
7f5c8a819000-7f5c8a8ac000 r--p 00c4f000 fc:00 1721751                    /usr/lib/jvm/java-8-openjdk-amd64/jre/lib/amd64/server/libjvm.so
7f5c8a8ac000-7f5c8a8d5000 rw-p 00ce2000 fc:00 1721751                    /usr/lib/jvm/java-8-openjdk-amd64/jre/lib/amd64/server/libjvm.so
7f5c8a8d5000-7f5c8a905000 rw-p 00000000 00:00 0 
7f5c8a905000-7f5c8a91d000 r-xp 00000000 fc:00 1052781                    /lib/x86_64-linux-gnu/libpthread-2.23.so
7f5c8a91d000-7f5c8ab1c000 ---p 00018000 fc:00 1052781                    /lib/x86_64-linux-gnu/libpthread-2.23.so
7f5c8ab1c000-7f5c8ab1d000 r--p 00017000 fc:00 1052781                    /lib/x86_64-linux-gnu/libpthread-2.23.so
7f5c8ab1d000-7f5c8ab1e000 rw-p 00018000 fc:00 1052781                    /lib/x86_64-linux-gnu/libpthread-2.23.so
7f5c8ab1e000-7f5c8ab22000 rw-p 00000000 00:00 0 
7f5c8ab22000-7f5c8ab25000 r-xp 00000000 fc:00 1052711                    /lib/x86_64-linux-gnu/libdl-2.23.so
7f5c8ab25000-7f5c8ad24000 ---p 00003000 fc:00 1052711                    /lib/x86_64-linux-gnu/libdl-2.23.so
7f5c8ad24000-7f5c8ad25000 r--p 00002000 fc:00 1052711                    /lib/x86_64-linux-gnu/libdl-2.23.so
7f5c8ad25000-7f5c8ad26000 rw-p 00003000 fc:00 1052711                    /lib/x86_64-linux-gnu/libdl-2.23.so
7f5c8ad26000-7f5c8ad3f000 r-xp 00000000 fc:00 1052806                    /lib/x86_64-linux-gnu/libz.so.1.2.8
7f5c8ad3f000-7f5c8af3e000 ---p 00019000 fc:00 1052806                    /lib/x86_64-linux-gnu/libz.so.1.2.8
7f5c8af3e000-7f5c8af3f000 r--p 00018000 fc:00 1052806                    /lib/x86_64-linux-gnu/libz.so.1.2.8
7f5c8af3f000-7f5c8af40000 rw-p 00019000 fc:00 1052806                    /lib/x86_64-linux-gnu/libz.so.1.2.8
7f5c8af40000-7f5c8b0ff000 r-xp 00000000 fc:00 1052699                    /lib/x86_64-linux-gnu/libc-2.23.so
7f5c8b0ff000-7f5c8b2ff000 ---p 001bf000 fc:00 1052699                    /lib/x86_64-linux-gnu/libc-2.23.so
7f5c8b2ff000-7f5c8b303000 r--p 001bf000 fc:00 1052699                    /lib/x86_64-linux-gnu/libc-2.23.so
7f5c8b303000-7f5c8b305000 rw-p 001c3000 fc:00 1052699                    /lib/x86_64-linux-gnu/libc-2.23.so
7f5c8b305000-7f5c8b309000 rw-p 00000000 00:00 0 
7f5c8b309000-7f5c8b316000 r-xp 00000000 fc:00 1721746                    /usr/lib/jvm/java-8-openjdk-amd64/jre/lib/amd64/jli/libjli.so
7f5c8b316000-7f5c8b516000 ---p 0000d000 fc:00 1721746                    /usr/lib/jvm/java-8-openjdk-amd64/jre/lib/amd64/jli/libjli.so
7f5c8b516000-7f5c8b517000 r--p 0000d000 fc:00 1721746                    /usr/lib/jvm/java-8-openjdk-amd64/jre/lib/amd64/jli/libjli.so
7f5c8b517000-7f5c8b518000 rw-p 0000e000 fc:00 1721746                    /usr/lib/jvm/java-8-openjdk-amd64/jre/lib/amd64/jli/libjli.so
7f5c8b518000-7f5c8b53e000 r-xp 00000000 fc:00 1052684                    /lib/x86_64-linux-gnu/ld-2.23.so
7f5c8b53e000-7f5c8b543000 r--s 002f9000 fc:00 1721782                    /usr/lib/jvm/java-8-openjdk-amd64/jre/lib/charsets.jar
7f5c8b543000-7f5c8b55e000 r--s 001d6000 fc:00 1721769                    /usr/lib/jvm/java-8-openjdk-amd64/jre/lib/ext/nashorn.jar
7f5c8b55e000-7f5c8b5da000 rw-p 00000000 00:00 0 
7f5c8b5da000-7f5c8b5dd000 ---p 00000000 00:00 0 
7f5c8b5dd000-7f5c8b6e0000 rw-p 00000000 00:00 0 
7f5c8b6e0000-7f5c8b6e1000 r--s 00009000 fc:00 2150535                    /usr/share/java/openjfx/jre/lib/jfxswt.jar
7f5c8b6e1000-7f5c8b6e4000 r--s 00015000 fc:00 1721780                    /usr/lib/jvm/java-8-openjdk-amd64/jre/lib/jce.jar
7f5c8b6e4000-7f5c8b6e6000 r--s 00008000 fc:00 1721767                    /usr/lib/jvm/java-8-openjdk-amd64/jre/lib/ext/sunec.jar
7f5c8b6e6000-7f5c8b6eb000 r--s 0003b000 fc:00 1721776                    /usr/lib/jvm/java-8-openjdk-amd64/jre/lib/ext/sunjce_provider.jar
7f5c8b6eb000-7f5c8b6ee000 r--s 0000f000 fc:00 1721771                    /usr/lib/jvm/java-8-openjdk-amd64/jre/lib/ext/icedtea-sound.jar
7f5c8b6ee000-7f5c8b6f0000 r--s 00001000 fc:00 1721770                    /usr/lib/jvm/java-8-openjdk-amd64/jre/lib/ext/dnsns.jar
7f5c8b6f0000-7f5c8b6f1000 r--s 0000a000 fc:00 1721777                    /usr/lib/jvm/java-8-openjdk-amd64/jre/lib/ext/jaccess.jar
7f5c8b6f1000-7f5c8b6f5000 r--s 00037000 fc:00 1721774                    /usr/lib/jvm/java-8-openjdk-amd64/jre/lib/ext/sunpkcs11.jar
7f5c8b6f5000-7f5c8b6f6000 r--s 00010000 fc:00 1721773                    /usr/lib/jvm/java-8-openjdk-amd64/jre/lib/ext/zipfs.jar
7f5c8b6f6000-7f5c8b731000 rw-p 00000000 00:00 0 
7f5c8b731000-7f5c8b739000 rw-s 00000000 fc:00 1597799                    /tmp/hsperfdata_jseidelmann/8081
7f5c8b739000-7f5c8b73a000 rw-p 00000000 00:00 0 
7f5c8b73a000-7f5c8b73b000 ---p 00000000 00:00 0 
7f5c8b73b000-7f5c8b73d000 rw-p 00000000 00:00 0 
7f5c8b73d000-7f5c8b73e000 r--p 00025000 fc:00 1052684                    /lib/x86_64-linux-gnu/ld-2.23.so
7f5c8b73e000-7f5c8b73f000 rw-p 00026000 fc:00 1052684                    /lib/x86_64-linux-gnu/ld-2.23.so
7f5c8b73f000-7f5c8b740000 rw-p 00000000 00:00 0 
7fff93722000-7fff93744000 rw-p 00000000 00:00 0                          [stack]
7fff937a6000-7fff937a8000 r--p 00000000 00:00 0                          [vvar]
7fff937a8000-7fff937aa000 r-xp 00000000 00:00 0                          [vdso]
ffffffffff600000-ffffffffff601000 r-xp 00000000 00:00 0                  [vsyscall]

VM Arguments:
jvm_args: -Didea.launcher.port=7534 -Didea.launcher.bin.path=/vol/intellij/16.3.3-ce/bin -Dfile.encoding=UTF-8 
java_command: com.intellij.rt.execution.application.AppMain com.mycompany.mavenproject1.NewClass
java_class_path (initial): /usr/lib/jvm/java-8-openjdk-amd64/jre/lib/charsets.jar:/usr/lib/jvm/java-8-openjdk-amd64/jre/lib/ext/cldrdata.jar:/usr/lib/jvm/java-8-openjdk-amd64/jre/lib/ext/dnsns.jar:/usr/lib/jvm/java-8-openjdk-amd64/jre/lib/ext/icedtea-sound.jar:/usr/lib/jvm/java-8-openjdk-amd64/jre/lib/ext/jaccess.jar:/usr/lib/jvm/java-8-openjdk-amd64/jre/lib/ext/jfxrt.jar:/usr/lib/jvm/java-8-openjdk-amd64/jre/lib/ext/localedata.jar:/usr/lib/jvm/java-8-openjdk-amd64/jre/lib/ext/nashorn.jar:/usr/lib/jvm/java-8-openjdk-amd64/jre/lib/ext/sunec.jar:/usr/lib/jvm/java-8-openjdk-amd64/jre/lib/ext/sunjce_provider.jar:/usr/lib/jvm/java-8-openjdk-amd64/jre/lib/ext/sunpkcs11.jar:/usr/lib/jvm/java-8-openjdk-amd64/jre/lib/ext/zipfs.jar:/usr/lib/jvm/java-8-openjdk-amd64/jre/lib/jce.jar:/usr/lib/jvm/java-8-openjdk-amd64/jre/lib/jfxswt.jar:/usr/lib/jvm/java-8-openjdk-amd64/jre/lib/jsse.jar:/usr/lib/jvm/java-8-openjdk-amd64/jre/lib/management-agent.jar:/usr/lib/jvm/java-8-openjdk-amd64/jre/lib/resources.jar:/usr/lib/jvm/java-8-openjdk-amd64/jre/lib/rt.jar:/homes/jseidelmann/Downloads/mavenproject1/target/classes:/homes/jseidelmann/.m2/repository/eu/mihosoft/vrl/workflow/vworkflows-core/0.2.3/vworkflows-core-0.2.3.jar:/homes/jseidelmann/.m2/repository/com/thoughtworks/xstream/xstream/1.4.8/xstream-1.4.8.jar:/homes/jseidelmann/.m2/repository/xmlpull/xmlpull/1.1.3.1/xmlpull-1.1.3.1.jar:/homes/jseidelmann/.m2/repository/xpp3/xpp3_min/1.1.4c/xpp3_min-1.1.4c.jar:/homes/jseidelmann/.m2/repository/net/sf/jung/jung-api/2.0.1/jung-api-2.0.1.jar:/homes/jseidelmann/.m2/repository/net/sourceforge/collections/collections-generic/4.01/collections-generic-4.01.jar:/homes/jseidelmann/.m2/repository/net/sf/jung/jung-graph-impl/2.0.1/jung-graph-impl-2.0.1.jar:/homes/jseidelmann/.m2/repository/net/sf/jung/jung-algorithms/2.0.1/jung-algorithms-2.0.1.jar:/homes/jseidelmann/.m2/repository/colt/colt/1.2.0/colt-1.2.0.jar:/homes/jseidelmann/.m2/repository/concurrent/concurrent/1.3.4/concurrent-1.3.4.jar:/ho
Launcher Type: SUN_STANDARD

Environment Variables:
JAVA_HOME=/vol/java8
PATH=/vol/netbeans-8.0/bin:/vol/netbeans-8.0/java/maven/bin:/vol/java8/bin:/vol/ghc/bin:/vol/intellij/current/bin:/vol/local/bin:/usr/local/bin:/usr/bin:/bin:/usr/games:/vol/netbeans-8.0/bin:/vol/netbeans-8.0/java/maven/bin:/vol/java8/bin:/vol/ghc/bin:/vol/intellij/current/bin:/vol/local/bin:/usr/local/bin:/usr/bin:/bin:/usr/games:/usr/local/bin:/usr/bin:/bin:/opt/thinlinc/bin
LD_LIBRARY_PATH=/vol/intellij/current/bin:
SHELL=/bin/bash
DISPLAY=:0.0

Signal Handlers:
SIGSEGV: [libjvm.so+0xa66fd0], sa_mask[0]=11111111011111111101111111111110, sa_flags=SA_RESTART|SA_SIGINFO
SIGBUS: [libjvm.so+0xa66fd0], sa_mask[0]=11111111011111111101111111111110, sa_flags=SA_RESTART|SA_SIGINFO
SIGFPE: [libjvm.so+0x8b0180], sa_mask[0]=11111111011111111101111111111110, sa_flags=SA_RESTART|SA_SIGINFO
SIGPIPE: SIG_IGN, sa_mask[0]=00000000000010000000000000000000, sa_flags=SA_RESTART
SIGXFSZ: [libjvm.so+0x8b0180], sa_mask[0]=11111111011111111101111111111110, sa_flags=SA_RESTART|SA_SIGINFO
SIGILL: [libjvm.so+0x8b0180], sa_mask[0]=11111111011111111101111111111110, sa_flags=SA_RESTART|SA_SIGINFO
SIGUSR1: SIG_DFL, sa_mask[0]=00000000000000000000000000000000, sa_flags=none
SIGUSR2: [libjvm.so+0x8b0030], sa_mask[0]=00100000000000000000000000000000, sa_flags=SA_RESTART|SA_SIGINFO
SIGHUP: [libjvm.so+0x8b0500], sa_mask[0]=11111111011111111101111111111110, sa_flags=SA_RESTART|SA_SIGINFO
SIGINT: [libjvm.so+0x8b0500], sa_mask[0]=11111111011111111101111111111110, sa_flags=SA_RESTART|SA_SIGINFO
SIGTERM: [libjvm.so+0x8b0500], sa_mask[0]=11111111011111111101111111111110, sa_flags=SA_RESTART|SA_SIGINFO
SIGQUIT: [libjvm.so+0x8b0500], sa_mask[0]=11111111011111111101111111111110, sa_flags=SA_RESTART|SA_SIGINFO


---------------  S Y S T E M  ---------------

OS:DISTRIB_ID=Ubuntu
DISTRIB_RELEASE=16.04
DISTRIB_CODENAME=xenial
DISTRIB_DESCRIPTION="Ubuntu 16.04.2 LTS"

uname:Linux 4.8.1-tf1-ll #1 SMP PREEMPT Thu Oct 13 11:18:32 CEST 2016 x86_64
libc:glibc 2.23 NPTL 2.23 
rlimit: STACK 8192k, CORE 0k, NPROC 15379, NOFILE 65536, AS infinity
load average:3,00 1,72 2,32

/proc/meminfo:
MemTotal:        3977900 kB
MemFree:          111856 kB
MemAvailable:      12060 kB
Buffers:             280 kB
Cached:           134776 kB
SwapCached:            0 kB
Active:          3553668 kB
Inactive:         126344 kB
Active(anon):    3547920 kB
Inactive(anon):   116132 kB
Active(file):       5748 kB
Inactive(file):    10212 kB
Unevictable:          32 kB
Mlocked:              32 kB
SwapTotal:             0 kB
SwapFree:              0 kB
Dirty:               196 kB
Writeback:             0 kB
AnonPages:       3545120 kB
Mapped:           124236 kB
Shmem:            118964 kB
Slab:              59044 kB
SReclaimable:      24960 kB
SUnreclaim:        34084 kB
KernelStack:       11120 kB
PageTables:        33372 kB
NFS_Unstable:          0 kB
Bounce:                0 kB
WritebackTmp:          0 kB
CommitLimit:     1988948 kB
Committed_AS:    6680588 kB
VmallocTotal:   34359738367 kB
VmallocUsed:           0 kB
VmallocChunk:          0 kB
HardwareCorrupted:     0 kB
AnonHugePages:   1996800 kB
ShmemHugePages:        0 kB
ShmemPmdMapped:        0 kB
CmaTotal:              0 kB
CmaFree:               0 kB
HugePages_Total:       0
HugePages_Free:        0
HugePages_Rsvd:        0
HugePages_Surp:        0
Hugepagesize:       2048 kB
DirectMap4k:       86020 kB
DirectMap2M:     4040704 kB


CPU:total 2 (2 cores per cpu, 1 threads per core) family 6 model 23 stepping 6, cmov, cx8, fxsr, mmx, sse, sse2, sse3, ssse3, sse4.1, tsc

/proc/cpuinfo:
processor	: 0
vendor_id	: GenuineIntel
cpu family	: 6
model		: 23
model name	: Intel(R) Core(TM)2 Duo CPU     E8400  @ 3.00GHz
stepping	: 6
microcode	: 0x60f
cpu MHz		: 3000.000
cache size	: 6144 KB
physical id	: 0
siblings	: 2
core id		: 0
cpu cores	: 2
apicid		: 0
initial apicid	: 0
fpu		: yes
fpu_exception	: yes
cpuid level	: 10
wp		: yes
flags		: fpu vme de pse tsc msr pae mce cx8 apic sep mtrr pge mca cmov pat pse36 clflush dts acpi mmx fxsr sse sse2 ss ht tm pbe syscall nx lm constant_tsc arch_perfmon pebs bts rep_good nopl aperfmperf eagerfpu pni dtes64 monitor ds_cpl vmx smx est tm2 ssse3 cx16 xtpr pdcm sse4_1 lahf_lm tpr_shadow vnmi flexpriority dtherm
bugs		:
bogomips	: 5984.80
clflush size	: 64
cache_alignment	: 64
address sizes	: 36 bits physical, 48 bits virtual
power management:

processor	: 1
vendor_id	: GenuineIntel
cpu family	: 6
model		: 23
model name	: Intel(R) Core(TM)2 Duo CPU     E8400  @ 3.00GHz
stepping	: 6
microcode	: 0x60f
cpu MHz		: 2000.000
cache size	: 6144 KB
physical id	: 0
siblings	: 2
core id		: 1
cpu cores	: 2
apicid		: 1
initial apicid	: 1
fpu		: yes
fpu_exception	: yes
cpuid level	: 10
wp		: yes
flags		: fpu vme de pse tsc msr pae mce cx8 apic sep mtrr pge mca cmov pat pse36 clflush dts acpi mmx fxsr sse sse2 ss ht tm pbe syscall nx lm constant_tsc arch_perfmon pebs bts rep_good nopl aperfmperf eagerfpu pni dtes64 monitor ds_cpl vmx smx est tm2 ssse3 cx16 xtpr pdcm sse4_1 lahf_lm tpr_shadow vnmi flexpriority dtherm
bugs		:
bogomips	: 5984.62
clflush size	: 64
cache_alignment	: 64
address sizes	: 36 bits physical, 48 bits virtual
power management:



Memory: 4k page, physical 3977900k(111856k free), swap 0k(0k free)

vm_info: OpenJDK 64-Bit Server VM (25.121-b13) for linux-amd64 JRE (1.8.0_121-8u121-b13-0ubuntu1.16.04.2-b13), built on Jan 23 2017 15:51:29 by "buildd" with gcc 5.4.0 20160609

time: Thu Feb 16 11:47:46 2017
elapsed time: 25 seconds (0d 0h 0m 25s)

